{"C:\\Users\\Usuario\\mathlingo\\adaptive-engine\\src\\config\\error-taxonomy.ts": {"path":"C:\\Users\\Usuario\\mathlingo\\adaptive-engine\\src\\config\\error-taxonomy.ts","statementMap":{"0":{"start":{"line":1,"column":0},"end":{"line":1,"column":78}},"1":{"start":{"line":3,"column":13},"end":{"line":98,"column":2}}},"fnMap":{},"branchMap":{},"s":{"0":1,"1":1},"f":{},"b":{}}
,"C:\\Users\\Usuario\\mathlingo\\adaptive-engine\\src\\config\\thresholds.ts": {"path":"C:\\Users\\Usuario\\mathlingo\\adaptive-engine\\src\\config\\thresholds.ts","statementMap":{"0":{"start":{"line":1,"column":0},"end":{"line":1,"column":68}},"1":{"start":{"line":3,"column":13},"end":{"line":19,"column":2}},"2":{"start":{"line":22,"column":13},"end":{"line":25,"column":2}},"3":{"start":{"line":28,"column":13},"end":{"line":34,"column":2}}},"fnMap":{},"branchMap":{},"s":{"0":1,"1":1,"2":1,"3":1},"f":{},"b":{}}
,"C:\\Users\\Usuario\\mathlingo\\adaptive-engine\\src\\modules\\adaptive-engine.ts": {"path":"C:\\Users\\Usuario\\mathlingo\\adaptive-engine\\src\\modules\\adaptive-engine.ts","statementMap":{"0":{"start":{"line":1,"column":0},"end":{"line":1,"column":80}},"1":{"start":{"line":2,"column":0},"end":{"line":2,"column":52}},"2":{"start":{"line":3,"column":0},"end":{"line":3,"column":57}},"3":{"start":{"line":20,"column":4},"end":{"line":20,"column":53}},"4":{"start":{"line":32,"column":62},"end":{"line":32,"column":67}},"5":{"start":{"line":36,"column":4},"end":{"line":48,"column":5}},"6":{"start":{"line":37,"column":30},"end":{"line":37,"column":75}},"7":{"start":{"line":38,"column":6},"end":{"line":47,"column":7}},"8":{"start":{"line":39,"column":8},"end":{"line":46,"column":10}},"9":{"start":{"line":52,"column":4},"end":{"line":70,"column":5}},"10":{"start":{"line":53,"column":6},"end":{"line":69,"column":7}},"11":{"start":{"line":54,"column":8},"end":{"line":60,"column":10}},"12":{"start":{"line":62,"column":8},"end":{"line":68,"column":10}},"13":{"start":{"line":74,"column":4},"end":{"line":100,"column":5}},"14":{"start":{"line":79,"column":29},"end":{"line":79,"column":81}},"15":{"start":{"line":80,"column":6},"end":{"line":88,"column":7}},"16":{"start":{"line":81,"column":8},"end":{"line":87,"column":10}},"17":{"start":{"line":90,"column":36},"end":{"line":90,"column":86}},"18":{"start":{"line":91,"column":6},"end":{"line":99,"column":7}},"19":{"start":{"line":92,"column":8},"end":{"line":98,"column":10}},"20":{"start":{"line":104,"column":32},"end":{"line":104,"column":94}},"21":{"start":{"line":105,"column":4},"end":{"line":113,"column":5}},"22":{"start":{"line":106,"column":6},"end":{"line":112,"column":8}},"23":{"start":{"line":116,"column":23},"end":{"line":116,"column":74}},"24":{"start":{"line":118,"column":4},"end":{"line":126,"column":5}},"25":{"start":{"line":119,"column":6},"end":{"line":125,"column":8}},"26":{"start":{"line":129,"column":25},"end":{"line":129,"column":70}},"27":{"start":{"line":131,"column":4},"end":{"line":139,"column":5}},"28":{"start":{"line":132,"column":6},"end":{"line":138,"column":8}},"29":{"start":{"line":142,"column":26},"end":{"line":142,"column":49}},"30":{"start":{"line":144,"column":4},"end":{"line":173,"column":5}},"31":{"start":{"line":146,"column":6},"end":{"line":153,"column":8}},"32":{"start":{"line":156,"column":6},"end":{"line":172,"column":7}},"33":{"start":{"line":157,"column":8},"end":{"line":163,"column":10}},"34":{"start":{"line":165,"column":8},"end":{"line":171,"column":10}},"35":{"start":{"line":179,"column":4},"end":{"line":179,"column":73}},"36":{"start":{"line":179,"column":32},"end":{"line":179,"column":73}},"37":{"start":{"line":180,"column":4},"end":{"line":180,"column":16}},"38":{"start":{"line":184,"column":4},"end":{"line":184,"column":87}},"39":{"start":{"line":184,"column":39},"end":{"line":184,"column":87}},"40":{"start":{"line":185,"column":4},"end":{"line":185,"column":16}},"41":{"start":{"line":189,"column":23},"end":{"line":189,"column":68}},"42":{"start":{"line":190,"column":4},"end":{"line":190,"column":33}},"43":{"start":{"line":190,"column":21},"end":{"line":190,"column":33}},"44":{"start":{"line":192,"column":22},"end":{"line":192,"column":67}},"45":{"start":{"line":193,"column":4},"end":{"line":193,"column":48}},"46":{"start":{"line":197,"column":4},"end":{"line":197,"column":105}},"47":{"start":{"line":197,"column":45},"end":{"line":197,"column":105}},"48":{"start":{"line":198,"column":4},"end":{"line":198,"column":16}},"49":{"start":{"line":202,"column":4},"end":{"line":202,"column":85}},"50":{"start":{"line":202,"column":38},"end":{"line":202,"column":85}},"51":{"start":{"line":203,"column":4},"end":{"line":203,"column":16}},"52":{"start":{"line":207,"column":4},"end":{"line":207,"column":66}},"53":{"start":{"line":207,"column":29},"end":{"line":207,"column":66}},"54":{"start":{"line":209,"column":27},"end":{"line":209,"column":62}},"55":{"start":{"line":210,"column":30},"end":{"line":210,"column":32}},"56":{"start":{"line":211,"column":27},"end":{"line":211,"column":29}},"57":{"start":{"line":213,"column":4},"end":{"line":216,"column":5}},"58":{"start":{"line":214,"column":22},"end":{"line":214,"column":57}},"59":{"start":{"line":215,"column":6},"end":{"line":215,"column":34}},"60":{"start":{"line":218,"column":4},"end":{"line":223,"column":5}},"61":{"start":{"line":219,"column":29},"end":{"line":219,"column":79}},"62":{"start":{"line":220,"column":6},"end":{"line":222,"column":7}},"63":{"start":{"line":221,"column":8},"end":{"line":221,"column":29}},"64":{"start":{"line":225,"column":4},"end":{"line":228,"column":6}},"65":{"start":{"line":16,"column":0},"end":{"line":16,"column":13}}},"fnMap":{"0":{"name":"(anonymous_0)","decl":{"start":{"line":19,"column":2},"end":{"line":19,"column":null}},"loc":{"start":{"line":19,"column":2},"end":{"line":21,"column":3}}},"1":{"name":"(anonymous_2)","decl":{"start":{"line":178,"column":10},"end":{"line":178,"column":15}},"loc":{"start":{"line":178,"column":62},"end":{"line":181,"column":3}}},"2":{"name":"(anonymous_3)","decl":{"start":{"line":183,"column":10},"end":{"line":183,"column":15}},"loc":{"start":{"line":183,"column":69},"end":{"line":186,"column":3}}},"3":{"name":"(anonymous_4)","decl":{"start":{"line":188,"column":10},"end":{"line":188,"column":15}},"loc":{"start":{"line":188,"column":67},"end":{"line":194,"column":3}}},"4":{"name":"(anonymous_5)","decl":{"start":{"line":196,"column":10},"end":{"line":196,"column":15}},"loc":{"start":{"line":196,"column":89},"end":{"line":199,"column":3}}},"5":{"name":"(anonymous_6)","decl":{"start":{"line":201,"column":10},"end":{"line":201,"column":15}},"loc":{"start":{"line":201,"column":68},"end":{"line":204,"column":3}}},"6":{"name":"(anonymous_7)","decl":{"start":{"line":206,"column":10},"end":{"line":206,"column":15}},"loc":{"start":{"line":206,"column":55},"end":{"line":229,"column":3}}}},"branchMap":{"0":{"loc":{"start":{"line":36,"column":4},"end":{"line":48,"column":5}},"type":"if","locations":[{"start":{"line":36,"column":4},"end":{"line":48,"column":5}}]},"1":{"loc":{"start":{"line":38,"column":6},"end":{"line":47,"column":7}},"type":"if","locations":[{"start":{"line":38,"column":6},"end":{"line":47,"column":7}}]},"2":{"loc":{"start":{"line":52,"column":4},"end":{"line":70,"column":5}},"type":"if","locations":[{"start":{"line":52,"column":4},"end":{"line":70,"column":5}}]},"3":{"loc":{"start":{"line":52,"column":8},"end":{"line":52,"column":62}},"type":"binary-expr","locations":[{"start":{"line":52,"column":8},"end":{"line":52,"column":29}},{"start":{"line":52,"column":33},"end":{"line":52,"column":62}}]},"4":{"loc":{"start":{"line":53,"column":6},"end":{"line":69,"column":7}},"type":"if","locations":[{"start":{"line":53,"column":6},"end":{"line":69,"column":7}},{"start":{"line":61,"column":13},"end":{"line":69,"column":7}}]},"5":{"loc":{"start":{"line":74,"column":4},"end":{"line":100,"column":5}},"type":"if","locations":[{"start":{"line":74,"column":4},"end":{"line":100,"column":5}}]},"6":{"loc":{"start":{"line":75,"column":6},"end":{"line":77,"column":41}},"type":"binary-expr","locations":[{"start":{"line":75,"column":6},"end":{"line":75,"column":30}},{"start":{"line":76,"column":6},"end":{"line":76,"column":27}},{"start":{"line":77,"column":6},"end":{"line":77,"column":41}}]},"7":{"loc":{"start":{"line":80,"column":6},"end":{"line":88,"column":7}},"type":"if","locations":[{"start":{"line":80,"column":6},"end":{"line":88,"column":7}}]},"8":{"loc":{"start":{"line":91,"column":6},"end":{"line":99,"column":7}},"type":"if","locations":[{"start":{"line":91,"column":6},"end":{"line":99,"column":7}}]},"9":{"loc":{"start":{"line":105,"column":4},"end":{"line":113,"column":5}},"type":"if","locations":[{"start":{"line":105,"column":4},"end":{"line":113,"column":5}}]},"10":{"loc":{"start":{"line":118,"column":4},"end":{"line":126,"column":5}},"type":"if","locations":[{"start":{"line":118,"column":4},"end":{"line":126,"column":5}}]},"11":{"loc":{"start":{"line":131,"column":4},"end":{"line":139,"column":5}},"type":"if","locations":[{"start":{"line":131,"column":4},"end":{"line":139,"column":5}}]},"12":{"loc":{"start":{"line":144,"column":4},"end":{"line":173,"column":5}},"type":"if","locations":[{"start":{"line":144,"column":4},"end":{"line":173,"column":5}},{"start":{"line":154,"column":11},"end":{"line":173,"column":5}}]},"13":{"loc":{"start":{"line":156,"column":6},"end":{"line":172,"column":7}},"type":"if","locations":[{"start":{"line":156,"column":6},"end":{"line":172,"column":7}},{"start":{"line":164,"column":13},"end":{"line":172,"column":7}}]},"14":{"loc":{"start":{"line":179,"column":4},"end":{"line":179,"column":73}},"type":"if","locations":[{"start":{"line":179,"column":4},"end":{"line":179,"column":73}}]},"15":{"loc":{"start":{"line":184,"column":4},"end":{"line":184,"column":87}},"type":"if","locations":[{"start":{"line":184,"column":4},"end":{"line":184,"column":87}}]},"16":{"loc":{"start":{"line":190,"column":4},"end":{"line":190,"column":33}},"type":"if","locations":[{"start":{"line":190,"column":4},"end":{"line":190,"column":33}}]},"17":{"loc":{"start":{"line":193,"column":11},"end":{"line":193,"column":47}},"type":"cond-expr","locations":[{"start":{"line":193,"column":30},"end":{"line":193,"column":40}},{"start":{"line":193,"column":43},"end":{"line":193,"column":47}}]},"18":{"loc":{"start":{"line":197,"column":4},"end":{"line":197,"column":105}},"type":"if","locations":[{"start":{"line":197,"column":4},"end":{"line":197,"column":105}}]},"19":{"loc":{"start":{"line":202,"column":4},"end":{"line":202,"column":85}},"type":"if","locations":[{"start":{"line":202,"column":4},"end":{"line":202,"column":85}}]},"20":{"loc":{"start":{"line":207,"column":4},"end":{"line":207,"column":66}},"type":"if","locations":[{"start":{"line":207,"column":4},"end":{"line":207,"column":66}}]},"21":{"loc":{"start":{"line":220,"column":6},"end":{"line":222,"column":7}},"type":"if","locations":[{"start":{"line":220,"column":6},"end":{"line":222,"column":7}}]},"22":{"loc":{"start":{"line":220,"column":10},"end":{"line":220,"column":62}},"type":"binary-expr","locations":[{"start":{"line":220,"column":10},"end":{"line":220,"column":25}},{"start":{"line":220,"column":29},"end":{"line":220,"column":62}}]}},"s":{"0":1,"1":1,"2":1,"3":3,"4":3,"5":3,"6":1,"7":1,"8":1,"9":2,"10":1,"11":1,"12":0,"13":1,"14":0,"15":0,"16":0,"17":0,"18":0,"19":0,"20":1,"21":1,"22":0,"23":1,"24":1,"25":0,"26":1,"27":1,"28":1,"29":0,"30":0,"31":0,"32":0,"33":0,"34":0,"35":1,"36":1,"37":0,"38":0,"39":0,"40":0,"41":0,"42":0,"43":0,"44":0,"45":0,"46":1,"47":0,"48":1,"49":1,"50":1,"51":0,"52":1,"53":0,"54":1,"55":1,"56":1,"57":1,"58":1,"59":1,"60":1,"61":0,"62":0,"63":0,"64":1,"65":1},"f":{"0":3,"1":1,"2":0,"3":0,"4":1,"5":1,"6":1},"b":{"0":[1],"1":[1],"2":[1],"3":[2,1],"4":[1,0],"5":[0],"6":[1,0,0],"7":[0],"8":[0],"9":[0],"10":[0],"11":[1],"12":[0,0],"13":[0,0],"14":[1],"15":[0],"16":[0],"17":[0,0],"18":[0],"19":[1],"20":[0],"21":[0],"22":[0,0]}}
,"C:\\Users\\Usuario\\mathlingo\\adaptive-engine\\src\\modules\\error-classifier.ts": {"path":"C:\\Users\\Usuario\\mathlingo\\adaptive-engine\\src\\modules\\error-classifier.ts","statementMap":{"0":{"start":{"line":1,"column":0},"end":{"line":1,"column":84}},"1":{"start":{"line":2,"column":0},"end":{"line":2,"column":58}},"2":{"start":{"line":27,"column":55},"end":{"line":27,"column":60}},"3":{"start":{"line":30,"column":23},"end":{"line":30,"column":75}},"4":{"start":{"line":33,"column":4},"end":{"line":57,"column":5}},"5":{"start":{"line":34,"column":27},"end":{"line":34,"column":96}},"6":{"start":{"line":36,"column":6},"end":{"line":45,"column":7}},"7":{"start":{"line":37,"column":8},"end":{"line":44,"column":10}},"8":{"start":{"line":47,"column":6},"end":{"line":56,"column":7}},"9":{"start":{"line":48,"column":8},"end":{"line":55,"column":10}},"10":{"start":{"line":60,"column":25},"end":{"line":60,"column":93}},"11":{"start":{"line":61,"column":4},"end":{"line":69,"column":5}},"12":{"start":{"line":62,"column":6},"end":{"line":68,"column":8}},"13":{"start":{"line":72,"column":26},"end":{"line":72,"column":87}},"14":{"start":{"line":73,"column":4},"end":{"line":81,"column":5}},"15":{"start":{"line":74,"column":6},"end":{"line":80,"column":8}},"16":{"start":{"line":84,"column":21},"end":{"line":84,"column":81}},"17":{"start":{"line":85,"column":25},"end":{"line":85,"column":54}},"18":{"start":{"line":87,"column":4},"end":{"line":93,"column":6}},"19":{"start":{"line":99,"column":4},"end":{"line":102,"column":6}},"20":{"start":{"line":106,"column":23},"end":{"line":106,"column":50}},"21":{"start":{"line":107,"column":23},"end":{"line":107,"column":50}},"22":{"start":{"line":109,"column":4},"end":{"line":111,"column":5}},"23":{"start":{"line":110,"column":6},"end":{"line":110,"column":50}},"24":{"start":{"line":113,"column":24},"end":{"line":113,"column":80}},"25":{"start":{"line":114,"column":20},"end":{"line":114,"column":57}},"26":{"start":{"line":116,"column":4},"end":{"line":116,"column":55}},"27":{"start":{"line":120,"column":18},"end":{"line":120,"column":49}},"28":{"start":{"line":121,"column":4},"end":{"line":121,"column":47}},"29":{"start":{"line":125,"column":4},"end":{"line":133,"column":5}},"30":{"start":{"line":126,"column":6},"end":{"line":132,"column":8}},"31":{"start":{"line":136,"column":29},"end":{"line":136,"column":80}},"32":{"start":{"line":138,"column":4},"end":{"line":146,"column":5}},"33":{"start":{"line":139,"column":6},"end":{"line":145,"column":8}},"34":{"start":{"line":149,"column":21},"end":{"line":149,"column":73}},"35":{"start":{"line":150,"column":23},"end":{"line":150,"column":35}},"36":{"start":{"line":153,"column":28},"end":{"line":153,"column":65}},"37":{"start":{"line":154,"column":28},"end":{"line":154,"column":65}},"38":{"start":{"line":155,"column":26},"end":{"line":155,"column":78}},"39":{"start":{"line":157,"column":4},"end":{"line":165,"column":5}},"40":{"start":{"line":158,"column":6},"end":{"line":164,"column":8}},"41":{"start":{"line":167,"column":4},"end":{"line":173,"column":6}},"42":{"start":{"line":177,"column":4},"end":{"line":177,"column":69}},"43":{"start":{"line":181,"column":31},"end":{"line":181,"column":33}},"44":{"start":{"line":183,"column":4},"end":{"line":185,"column":5}},"45":{"start":{"line":183,"column":17},"end":{"line":183,"column":18}},"46":{"start":{"line":184,"column":6},"end":{"line":184,"column":22}},"47":{"start":{"line":186,"column":4},"end":{"line":188,"column":5}},"48":{"start":{"line":186,"column":17},"end":{"line":186,"column":18}},"49":{"start":{"line":187,"column":6},"end":{"line":187,"column":23}},"50":{"start":{"line":190,"column":4},"end":{"line":202,"column":5}},"51":{"start":{"line":190,"column":17},"end":{"line":190,"column":18}},"52":{"start":{"line":191,"column":6},"end":{"line":201,"column":7}},"53":{"start":{"line":191,"column":19},"end":{"line":191,"column":20}},"54":{"start":{"line":192,"column":8},"end":{"line":200,"column":9}},"55":{"start":{"line":193,"column":10},"end":{"line":193,"column":46}},"56":{"start":{"line":195,"column":10},"end":{"line":199,"column":12}},"57":{"start":{"line":204,"column":4},"end":{"line":204,"column":38}},"58":{"start":{"line":208,"column":4},"end":{"line":210,"column":5}},"59":{"start":{"line":209,"column":6},"end":{"line":209,"column":45}},"60":{"start":{"line":212,"column":4},"end":{"line":217,"column":5}},"61":{"start":{"line":213,"column":6},"end":{"line":216,"column":8}},"62":{"start":{"line":219,"column":4},"end":{"line":219,"column":43}},"63":{"start":{"line":223,"column":4},"end":{"line":230,"column":6}},"64":{"start":{"line":234,"column":19},"end":{"line":234,"column":60}},"65":{"start":{"line":234,"column":57},"end":{"line":234,"column":58}},"66":{"start":{"line":235,"column":19},"end":{"line":235,"column":60}},"67":{"start":{"line":235,"column":57},"end":{"line":235,"column":58}},"68":{"start":{"line":237,"column":25},"end":{"line":237,"column":70}},"69":{"start":{"line":237,"column":49},"end":{"line":237,"column":62}},"70":{"start":{"line":238,"column":18},"end":{"line":238,"column":58}},"71":{"start":{"line":240,"column":4},"end":{"line":240,"column":50}},"72":{"start":{"line":245,"column":19},"end":{"line":252,"column":6}},"73":{"start":{"line":254,"column":22},"end":{"line":254,"column":43}},"74":{"start":{"line":255,"column":19},"end":{"line":255,"column":21}},"75":{"start":{"line":257,"column":4},"end":{"line":262,"column":5}},"76":{"start":{"line":258,"column":8},"end":{"line":261,"column":9}},"77":{"start":{"line":259,"column":12},"end":{"line":259,"column":39}},"78":{"start":{"line":260,"column":12},"end":{"line":260,"column":47}},"79":{"start":{"line":264,"column":4},"end":{"line":269,"column":6}},"80":{"start":{"line":20,"column":0},"end":{"line":20,"column":13}}},"fnMap":{"0":{"name":"(anonymous_0)","decl":{"start":{"line":26,"column":2},"end":{"line":26,"column":7}},"loc":{"start":{"line":26,"column":43},"end":{"line":94,"column":3}}},"1":{"name":"(anonymous_1)","decl":{"start":{"line":98,"column":10},"end":{"line":98,"column":19}},"loc":{"start":{"line":98,"column":52},"end":{"line":103,"column":3}}},"2":{"name":"(anonymous_2)","decl":{"start":{"line":105,"column":10},"end":{"line":105,"column":33}},"loc":{"start":{"line":105,"column":66},"end":{"line":117,"column":3}}},"3":{"name":"(anonymous_3)","decl":{"start":{"line":119,"column":10},"end":{"line":119,"column":23}},"loc":{"start":{"line":119,"column":35},"end":{"line":122,"column":3}}},"4":{"name":"(anonymous_4)","decl":{"start":{"line":124,"column":10},"end":{"line":124,"column":22}},"loc":{"start":{"line":124,"column":69},"end":{"line":174,"column":3}}},"5":{"name":"(anonymous_5)","decl":{"start":{"line":176,"column":10},"end":{"line":176,"column":22}},"loc":{"start":{"line":176,"column":51},"end":{"line":178,"column":3}}},"6":{"name":"(anonymous_6)","decl":{"start":{"line":180,"column":10},"end":{"line":180,"column":29}},"loc":{"start":{"line":180,"column":54},"end":{"line":205,"column":3}}},"7":{"name":"(anonymous_7)","decl":{"start":{"line":207,"column":10},"end":{"line":207,"column":25}},"loc":{"start":{"line":207,"column":67},"end":{"line":220,"column":3}}},"8":{"name":"(anonymous_8)","decl":{"start":{"line":222,"column":10},"end":{"line":222,"column":25}},"loc":{"start":{"line":222,"column":82},"end":{"line":231,"column":3}}},"9":{"name":"(anonymous_9)","decl":{"start":{"line":233,"column":10},"end":{"line":233,"column":26}},"loc":{"start":{"line":233,"column":53},"end":{"line":241,"column":3}}},"10":{"name":"(anonymous_10)","decl":{"start":{"line":234,"column":52},"end":{"line":234,"column":53}},"loc":{"start":{"line":234,"column":57},"end":{"line":234,"column":58}}},"11":{"name":"(anonymous_11)","decl":{"start":{"line":235,"column":52},"end":{"line":235,"column":53}},"loc":{"start":{"line":235,"column":57},"end":{"line":235,"column":58}}},"12":{"name":"(anonymous_12)","decl":{"start":{"line":237,"column":44},"end":{"line":237,"column":45}},"loc":{"start":{"line":237,"column":49},"end":{"line":237,"column":62}}},"13":{"name":"(anonymous_13)","decl":{"start":{"line":243,"column":10},"end":{"line":243,"column":24}},"loc":{"start":{"line":243,"column":38},"end":{"line":270,"column":3}}}},"branchMap":{"0":{"loc":{"start":{"line":33,"column":4},"end":{"line":57,"column":5}},"type":"if","locations":[{"start":{"line":33,"column":4},"end":{"line":57,"column":5}}]},"1":{"loc":{"start":{"line":33,"column":8},"end":{"line":33,"column":104}},"type":"binary-expr","locations":[{"start":{"line":33,"column":8},"end":{"line":33,"column":37}},{"start":{"line":33,"column":41},"end":{"line":33,"column":61}},{"start":{"line":33,"column":65},"end":{"line":33,"column":104}}]},"2":{"loc":{"start":{"line":36,"column":6},"end":{"line":45,"column":7}},"type":"if","locations":[{"start":{"line":36,"column":6},"end":{"line":45,"column":7}}]},"3":{"loc":{"start":{"line":47,"column":6},"end":{"line":56,"column":7}},"type":"if","locations":[{"start":{"line":47,"column":6},"end":{"line":56,"column":7}}]},"4":{"loc":{"start":{"line":61,"column":4},"end":{"line":69,"column":5}},"type":"if","locations":[{"start":{"line":61,"column":4},"end":{"line":69,"column":5}}]},"5":{"loc":{"start":{"line":73,"column":4},"end":{"line":81,"column":5}},"type":"if","locations":[{"start":{"line":73,"column":4},"end":{"line":81,"column":5}}]},"6":{"loc":{"start":{"line":109,"column":4},"end":{"line":111,"column":5}},"type":"if","locations":[{"start":{"line":109,"column":4},"end":{"line":111,"column":5}}]},"7":{"loc":{"start":{"line":109,"column":8},"end":{"line":109,"column":50}},"type":"binary-expr","locations":[{"start":{"line":109,"column":8},"end":{"line":109,"column":27}},{"start":{"line":109,"column":31},"end":{"line":109,"column":50}}]},"8":{"loc":{"start":{"line":114,"column":20},"end":{"line":114,"column":57}},"type":"binary-expr","locations":[{"start":{"line":114,"column":20},"end":{"line":114,"column":35}},{"start":{"line":114,"column":39},"end":{"line":114,"column":57}}]},"9":{"loc":{"start":{"line":121,"column":11},"end":{"line":121,"column":46}},"type":"cond-expr","locations":[{"start":{"line":121,"column":19},"end":{"line":121,"column":39}},{"start":{"line":121,"column":42},"end":{"line":121,"column":46}}]},"10":{"loc":{"start":{"line":125,"column":4},"end":{"line":133,"column":5}},"type":"if","locations":[{"start":{"line":125,"column":4},"end":{"line":133,"column":5}}]},"11":{"loc":{"start":{"line":138,"column":4},"end":{"line":146,"column":5}},"type":"if","locations":[{"start":{"line":138,"column":4},"end":{"line":146,"column":5}}]},"12":{"loc":{"start":{"line":157,"column":4},"end":{"line":165,"column":5}},"type":"if","locations":[{"start":{"line":157,"column":4},"end":{"line":165,"column":5}}]},"13":{"loc":{"start":{"line":157,"column":8},"end":{"line":157,"column":36}},"type":"binary-expr","locations":[{"start":{"line":157,"column":8},"end":{"line":157,"column":21}},{"start":{"line":157,"column":25},"end":{"line":157,"column":36}}]},"14":{"loc":{"start":{"line":172,"column":16},"end":{"line":172,"column":73}},"type":"cond-expr","locations":[{"start":{"line":172,"column":29},"end":{"line":172,"column":68}},{"start":{"line":172,"column":71},"end":{"line":172,"column":73}}]},"15":{"loc":{"start":{"line":192,"column":8},"end":{"line":200,"column":9}},"type":"if","locations":[{"start":{"line":192,"column":8},"end":{"line":200,"column":9}},{"start":{"line":194,"column":15},"end":{"line":200,"column":9}}]},"16":{"loc":{"start":{"line":208,"column":4},"end":{"line":210,"column":5}},"type":"if","locations":[{"start":{"line":208,"column":4},"end":{"line":210,"column":5}}]},"17":{"loc":{"start":{"line":212,"column":4},"end":{"line":217,"column":5}},"type":"if","locations":[{"start":{"line":212,"column":4},"end":{"line":217,"column":5}}]},"18":{"loc":{"start":{"line":224,"column":43},"end":{"line":224,"column":76}},"type":"binary-expr","locations":[{"start":{"line":224,"column":43},"end":{"line":224,"column":71}},{"start":{"line":224,"column":75},"end":{"line":224,"column":76}}]},"19":{"loc":{"start":{"line":228,"column":20},"end":{"line":228,"column":47}},"type":"binary-expr","locations":[{"start":{"line":228,"column":20},"end":{"line":228,"column":42}},{"start":{"line":228,"column":46},"end":{"line":228,"column":47}}]},"20":{"loc":{"start":{"line":229,"column":21},"end":{"line":229,"column":55}},"type":"binary-expr","locations":[{"start":{"line":229,"column":21},"end":{"line":229,"column":50}},{"start":{"line":229,"column":54},"end":{"line":229,"column":55}}]},"21":{"loc":{"start":{"line":240,"column":11},"end":{"line":240,"column":49}},"type":"cond-expr","locations":[{"start":{"line":240,"column":25},"end":{"line":240,"column":26}},{"start":{"line":240,"column":29},"end":{"line":240,"column":49}}]},"22":{"loc":{"start":{"line":246,"column":34},"end":{"line":246,"column":70}},"type":"cond-expr","locations":[{"start":{"line":246,"column":63},"end":{"line":246,"column":65}},{"start":{"line":246,"column":68},"end":{"line":246,"column":70}}]},"23":{"loc":{"start":{"line":247,"column":34},"end":{"line":247,"column":70}},"type":"cond-expr","locations":[{"start":{"line":247,"column":63},"end":{"line":247,"column":65}},{"start":{"line":247,"column":68},"end":{"line":247,"column":70}}]},"24":{"loc":{"start":{"line":248,"column":34},"end":{"line":248,"column":70}},"type":"cond-expr","locations":[{"start":{"line":248,"column":63},"end":{"line":248,"column":65}},{"start":{"line":248,"column":68},"end":{"line":248,"column":70}}]},"25":{"loc":{"start":{"line":249,"column":34},"end":{"line":249,"column":64}},"type":"cond-expr","locations":[{"start":{"line":249,"column":57},"end":{"line":249,"column":59}},{"start":{"line":249,"column":62},"end":{"line":249,"column":64}}]},"26":{"loc":{"start":{"line":250,"column":31},"end":{"line":250,"column":67}},"type":"cond-expr","locations":[{"start":{"line":250,"column":60},"end":{"line":250,"column":62}},{"start":{"line":250,"column":65},"end":{"line":250,"column":67}}]},"27":{"loc":{"start":{"line":258,"column":8},"end":{"line":261,"column":9}},"type":"if","locations":[{"start":{"line":258,"column":8},"end":{"line":261,"column":9}}]},"28":{"loc":{"start":{"line":266,"column":16},"end":{"line":266,"column":77}},"type":"binary-expr","locations":[{"start":{"line":266,"column":16},"end":{"line":266,"column":53}},{"start":{"line":266,"column":57},"end":{"line":266,"column":77}}]}},"s":{"0":1,"1":1,"2":4,"3":4,"4":4,"5":2,"6":2,"7":1,"8":1,"9":1,"10":2,"11":2,"12":1,"13":1,"14":1,"15":1,"16":0,"17":0,"18":0,"19":4,"20":2,"21":2,"22":2,"23":0,"24":2,"25":2,"26":2,"27":4,"28":4,"29":2,"30":0,"31":2,"32":2,"33":0,"34":2,"35":2,"36":2,"37":2,"38":2,"39":2,"40":1,"41":1,"42":4,"43":2,"44":2,"45":2,"46":7,"47":2,"48":2,"49":7,"50":2,"51":2,"52":5,"53":5,"54":13,"55":4,"56":9,"57":2,"58":1,"59":0,"60":1,"61":1,"62":0,"63":0,"64":0,"65":0,"66":0,"67":0,"68":0,"69":0,"70":0,"71":0,"72":0,"73":0,"74":0,"75":0,"76":0,"77":0,"78":0,"79":0,"80":1},"f":{"0":4,"1":4,"2":2,"3":4,"4":2,"5":4,"6":2,"7":1,"8":0,"9":0,"10":0,"11":0,"12":0,"13":0},"b":{"0":[2],"1":[4,2,2],"2":[1],"3":[1],"4":[1],"5":[1],"6":[0],"7":[2,2],"8":[2,2],"9":[4,0],"10":[0],"11":[0],"12":[1],"13":[2,2],"14":[1,0],"15":[4,9],"16":[0],"17":[1],"18":[0,0],"19":[0,0],"20":[0,0],"21":[0,0],"22":[0,0],"23":[0,0],"24":[0,0],"25":[0,0],"26":[0,0],"27":[0],"28":[0,0]}}
,"C:\\Users\\Usuario\\mathlingo\\adaptive-engine\\src\\modules\\mastery-model.ts": {"path":"C:\\Users\\Usuario\\mathlingo\\adaptive-engine\\src\\modules\\mastery-model.ts","statementMap":{"0":{"start":{"line":2,"column":0},"end":{"line":2,"column":57}},"1":{"start":{"line":6,"column":23},"end":{"line":6,"column":27}},"2":{"start":{"line":7,"column":26},"end":{"line":7,"column":30}},"3":{"start":{"line":10,"column":4},"end":{"line":13,"column":5}},"4":{"start":{"line":11,"column":6},"end":{"line":11,"column":32}},"5":{"start":{"line":12,"column":6},"end":{"line":12,"column":38}},"6":{"start":{"line":28,"column":24},"end":{"line":28,"column":60}},"7":{"start":{"line":31,"column":27},"end":{"line":31,"column":75}},"8":{"start":{"line":34,"column":4},"end":{"line":34,"column":26}},"9":{"start":{"line":35,"column":4},"end":{"line":35,"column":32}},"10":{"start":{"line":37,"column":4},"end":{"line":37,"column":27}},"11":{"start":{"line":45,"column":27},"end":{"line":45,"column":48}},"12":{"start":{"line":46,"column":17},"end":{"line":46,"column":75}},"13":{"start":{"line":47,"column":18},"end":{"line":47,"column":76}},"14":{"start":{"line":48,"column":4},"end":{"line":48,"column":27}},"15":{"start":{"line":55,"column":28},"end":{"line":55,"column":59}},"16":{"start":{"line":58,"column":4},"end":{"line":66,"column":5}},"17":{"start":{"line":60,"column":23},"end":{"line":60,"column":67}},"18":{"start":{"line":61,"column":6},"end":{"line":61,"column":54}},"19":{"start":{"line":64,"column":25},"end":{"line":64,"column":69}},"20":{"start":{"line":65,"column":6},"end":{"line":65,"column":50}},"21":{"start":{"line":67,"column":4},"end":{"line":67,"column":23}},"22":{"start":{"line":81,"column":19},"end":{"line":81,"column":36}},"23":{"start":{"line":85,"column":4},"end":{"line":87,"column":5}},"24":{"start":{"line":86,"column":6},"end":{"line":86,"column":55}},"25":{"start":{"line":89,"column":4},"end":{"line":89,"column":36}},"26":{"start":{"line":96,"column":4},"end":{"line":105,"column":6}},"27":{"start":{"line":112,"column":22},"end":{"line":112,"column":52}},"28":{"start":{"line":114,"column":27},"end":{"line":114,"column":29}},"29":{"start":{"line":116,"column":4},"end":{"line":118,"column":5}},"30":{"start":{"line":117,"column":6},"end":{"line":117,"column":82}},"31":{"start":{"line":120,"column":4},"end":{"line":122,"column":5}},"32":{"start":{"line":121,"column":6},"end":{"line":121,"column":97}},"33":{"start":{"line":124,"column":4},"end":{"line":126,"column":5}},"34":{"start":{"line":125,"column":6},"end":{"line":125,"column":72}},"35":{"start":{"line":128,"column":4},"end":{"line":134,"column":6}},"36":{"start":{"line":142,"column":25},"end":{"line":142,"column":27}},"37":{"start":{"line":143,"column":17},"end":{"line":143,"column":72}},"38":{"start":{"line":144,"column":4},"end":{"line":144,"column":43}},"39":{"start":{"line":148,"column":4},"end":{"line":148,"column":40}},"40":{"start":{"line":148,"column":24},"end":{"line":148,"column":40}},"41":{"start":{"line":149,"column":4},"end":{"line":149,"column":45}},"42":{"start":{"line":149,"column":24},"end":{"line":149,"column":45}},"43":{"start":{"line":150,"column":4},"end":{"line":150,"column":42}},"44":{"start":{"line":150,"column":24},"end":{"line":150,"column":42}},"45":{"start":{"line":151,"column":4},"end":{"line":151,"column":22}},"46":{"start":{"line":5,"column":0},"end":{"line":5,"column":13}}},"fnMap":{"0":{"name":"(anonymous_0)","decl":{"start":{"line":9,"column":2},"end":{"line":9,"column":14}},"loc":{"start":{"line":9,"column":41},"end":{"line":14,"column":3}}},"1":{"name":"(anonymous_1)","decl":{"start":{"line":22,"column":2},"end":{"line":22,"column":15}},"loc":{"start":{"line":25,"column":45},"end":{"line":38,"column":3}}},"2":{"name":"(anonymous_2)","decl":{"start":{"line":43,"column":10},"end":{"line":43,"column":24}},"loc":{"start":{"line":43,"column":43},"end":{"line":49,"column":3}}},"3":{"name":"(anonymous_3)","decl":{"start":{"line":54,"column":10},"end":{"line":54,"column":18}},"loc":{"start":{"line":54,"column":57},"end":{"line":68,"column":3}}},"4":{"name":"(anonymous_4)","decl":{"start":{"line":76,"column":10},"end":{"line":76,"column":21}},"loc":{"start":{"line":78,"column":45},"end":{"line":90,"column":3}}},"5":{"name":"(anonymous_5)","decl":{"start":{"line":95,"column":2},"end":{"line":95,"column":10}},"loc":{"start":{"line":95,"column":10},"end":{"line":106,"column":3}}},"6":{"name":"(anonymous_6)","decl":{"start":{"line":111,"column":2},"end":{"line":111,"column":13}},"loc":{"start":{"line":111,"column":65},"end":{"line":135,"column":3}}},"7":{"name":"(anonymous_7)","decl":{"start":{"line":141,"column":2},"end":{"line":141,"column":24}},"loc":{"start":{"line":141,"column":50},"end":{"line":145,"column":3}}},"8":{"name":"(anonymous_8)","decl":{"start":{"line":147,"column":10},"end":{"line":147,"column":25}},"loc":{"start":{"line":147,"column":25},"end":{"line":152,"column":3}}}},"branchMap":{"0":{"loc":{"start":{"line":10,"column":4},"end":{"line":13,"column":5}},"type":"if","locations":[{"start":{"line":10,"column":4},"end":{"line":13,"column":5}}]},"1":{"loc":{"start":{"line":58,"column":4},"end":{"line":66,"column":5}},"type":"if","locations":[{"start":{"line":58,"column":4},"end":{"line":66,"column":5}},{"start":{"line":62,"column":11},"end":{"line":66,"column":5}}]},"2":{"loc":{"start":{"line":85,"column":4},"end":{"line":87,"column":5}},"type":"if","locations":[{"start":{"line":85,"column":4},"end":{"line":87,"column":5}}]},"3":{"loc":{"start":{"line":116,"column":4},"end":{"line":118,"column":5}},"type":"if","locations":[{"start":{"line":116,"column":4},"end":{"line":118,"column":5}}]},"4":{"loc":{"start":{"line":120,"column":4},"end":{"line":122,"column":5}},"type":"if","locations":[{"start":{"line":120,"column":4},"end":{"line":122,"column":5}}]},"5":{"loc":{"start":{"line":124,"column":4},"end":{"line":126,"column":5}},"type":"if","locations":[{"start":{"line":124,"column":4},"end":{"line":126,"column":5}}]},"6":{"loc":{"start":{"line":130,"column":14},"end":{"line":132,"column":38}},"type":"cond-expr","locations":[{"start":{"line":131,"column":10},"end":{"line":131,"column":43}},{"start":{"line":132,"column":10},"end":{"line":132,"column":38}}]},"7":{"loc":{"start":{"line":148,"column":4},"end":{"line":148,"column":40}},"type":"if","locations":[{"start":{"line":148,"column":4},"end":{"line":148,"column":40}}]},"8":{"loc":{"start":{"line":149,"column":4},"end":{"line":149,"column":45}},"type":"if","locations":[{"start":{"line":149,"column":4},"end":{"line":149,"column":45}}]},"9":{"loc":{"start":{"line":150,"column":4},"end":{"line":150,"column":42}},"type":"if","locations":[{"start":{"line":150,"column":4},"end":{"line":150,"column":42}}]}},"s":{"0":1,"1":5,"2":5,"3":5,"4":1,"5":1,"6":3,"7":3,"8":3,"9":3,"10":3,"11":3,"12":3,"13":3,"14":3,"15":3,"16":3,"17":1,"18":1,"19":2,"20":2,"21":3,"22":3,"23":3,"24":1,"25":3,"26":7,"27":2,"28":2,"29":2,"30":0,"31":2,"32":0,"33":2,"34":1,"35":2,"36":0,"37":0,"38":0,"39":7,"40":4,"41":3,"42":1,"43":2,"44":2,"45":0,"46":1},"f":{"0":5,"1":3,"2":3,"3":3,"4":3,"5":7,"6":2,"7":0,"8":7},"b":{"0":[1],"1":[1,2],"2":[1],"3":[0],"4":[0],"5":[1],"6":[1,1],"7":[4],"8":[1],"9":[2]}}
,"C:\\Users\\Usuario\\mathlingo\\adaptive-engine\\src\\modules\\signals-calculator.ts": {"path":"C:\\Users\\Usuario\\mathlingo\\adaptive-engine\\src\\modules\\signals-calculator.ts","statementMap":{"0":{"start":{"line":19,"column":21},"end":{"line":19,"column":87}},"1":{"start":{"line":22,"column":24},"end":{"line":22,"column":85}},"2":{"start":{"line":25,"column":23},"end":{"line":25,"column":81}},"3":{"start":{"line":26,"column":24},"end":{"line":26,"column":25}},"4":{"start":{"line":27,"column":28},"end":{"line":27,"column":29}},"5":{"start":{"line":28,"column":4},"end":{"line":31,"column":5}},"6":{"start":{"line":29,"column":8},"end":{"line":29,"column":105}},"7":{"start":{"line":30,"column":8},"end":{"line":30,"column":70}},"8":{"start":{"line":34,"column":29},"end":{"line":38,"column":null}},"9":{"start":{"line":42,"column":29},"end":{"line":44,"column":null}},"10":{"start":{"line":48,"column":30},"end":{"line":51,"column":null}},"11":{"start":{"line":54,"column":4},"end":{"line":62,"column":6}},"12":{"start":{"line":71,"column":21},"end":{"line":71,"column":72}},"13":{"start":{"line":72,"column":4},"end":{"line":72,"column":54}},"14":{"start":{"line":72,"column":44},"end":{"line":72,"column":54}},"15":{"start":{"line":74,"column":20},"end":{"line":74,"column":67}},"16":{"start":{"line":74,"column":48},"end":{"line":74,"column":59}},"17":{"start":{"line":75,"column":4},"end":{"line":75,"column":45}},"18":{"start":{"line":83,"column":21},"end":{"line":83,"column":73}},"19":{"start":{"line":84,"column":4},"end":{"line":84,"column":52}},"20":{"start":{"line":84,"column":42},"end":{"line":84,"column":52}},"21":{"start":{"line":87,"column":33},"end":{"line":87,"column":35}},"22":{"start":{"line":88,"column":4},"end":{"line":92,"column":5}},"23":{"start":{"line":88,"column":17},"end":{"line":88,"column":18}},"24":{"start":{"line":89,"column":21},"end":{"line":89,"column":45}},"25":{"start":{"line":90,"column":22},"end":{"line":90,"column":67}},"26":{"start":{"line":90,"column":48},"end":{"line":90,"column":59}},"27":{"start":{"line":91,"column":6},"end":{"line":91,"column":43}},"28":{"start":{"line":94,"column":17},"end":{"line":94,"column":74}},"29":{"start":{"line":94,"column":45},"end":{"line":94,"column":50}},"30":{"start":{"line":95,"column":21},"end":{"line":98,"column":25}},"31":{"start":{"line":96,"column":18},"end":{"line":96,"column":45}},"32":{"start":{"line":100,"column":19},"end":{"line":100,"column":38}},"33":{"start":{"line":101,"column":24},"end":{"line":101,"column":57}},"34":{"start":{"line":103,"column":4},"end":{"line":103,"column":51}},"35":{"start":{"line":113,"column":25},"end":{"line":113,"column":65}},"36":{"start":{"line":114,"column":28},"end":{"line":114,"column":71}},"37":{"start":{"line":115,"column":21},"end":{"line":115,"column":23}},"38":{"start":{"line":117,"column":4},"end":{"line":117,"column":68}},"39":{"start":{"line":124,"column":28},"end":{"line":124,"column":77}},"40":{"start":{"line":125,"column":4},"end":{"line":125,"column":74}},"41":{"start":{"line":125,"column":58},"end":{"line":125,"column":74}},"42":{"start":{"line":127,"column":29},"end":{"line":130,"column":30}},"43":{"start":{"line":128,"column":31},"end":{"line":128,"column":52}},"44":{"start":{"line":132,"column":4},"end":{"line":132,"column":44}},"45":{"start":{"line":132,"column":30},"end":{"line":132,"column":44}},"46":{"start":{"line":133,"column":4},"end":{"line":133,"column":44}},"47":{"start":{"line":133,"column":30},"end":{"line":133,"column":44}},"48":{"start":{"line":134,"column":4},"end":{"line":134,"column":20}},"49":{"start":{"line":142,"column":30},"end":{"line":142,"column":62}},"50":{"start":{"line":143,"column":30},"end":{"line":143,"column":71}},"51":{"start":{"line":144,"column":34},"end":{"line":144,"column":51}},"52":{"start":{"line":146,"column":4},"end":{"line":151,"column":6}},"53":{"start":{"line":3,"column":0},"end":{"line":3,"column":13}}},"fnMap":{"0":{"name":"(anonymous_1)","decl":{"start":{"line":65,"column":10},"end":{"line":65,"column":15}},"loc":{"start":{"line":69,"column":13},"end":{"line":76,"column":3}}},"1":{"name":"(anonymous_2)","decl":{"start":{"line":74,"column":36},"end":{"line":74,"column":37}},"loc":{"start":{"line":74,"column":48},"end":{"line":74,"column":59}}},"2":{"name":"(anonymous_3)","decl":{"start":{"line":78,"column":10},"end":{"line":78,"column":15}},"loc":{"start":{"line":81,"column":19},"end":{"line":104,"column":3}}},"3":{"name":"(anonymous_4)","decl":{"start":{"line":90,"column":36},"end":{"line":90,"column":37}},"loc":{"start":{"line":90,"column":48},"end":{"line":90,"column":59}}},"4":{"name":"(anonymous_5)","decl":{"start":{"line":94,"column":35},"end":{"line":94,"column":36}},"loc":{"start":{"line":94,"column":45},"end":{"line":94,"column":50}}},"5":{"name":"(anonymous_6)","decl":{"start":{"line":96,"column":6},"end":{"line":96,"column":7}},"loc":{"start":{"line":96,"column":18},"end":{"line":96,"column":45}}},"6":{"name":"(anonymous_7)","decl":{"start":{"line":106,"column":10},"end":{"line":106,"column":15}},"loc":{"start":{"line":110,"column":23},"end":{"line":118,"column":3}}},"7":{"name":"(anonymous_8)","decl":{"start":{"line":120,"column":10},"end":{"line":120,"column":15}},"loc":{"start":{"line":122,"column":21},"end":{"line":135,"column":3}}},"8":{"name":"(anonymous_9)","decl":{"start":{"line":128,"column":6},"end":{"line":128,"column":7}},"loc":{"start":{"line":128,"column":31},"end":{"line":128,"column":52}}},"9":{"name":"(anonymous_10)","decl":{"start":{"line":137,"column":10},"end":{"line":137,"column":36}},"loc":{"start":{"line":140,"column":23},"end":{"line":152,"column":3}}}},"branchMap":{"0":{"loc":{"start":{"line":28,"column":4},"end":{"line":31,"column":5}},"type":"if","locations":[{"start":{"line":28,"column":4},"end":{"line":31,"column":5}}]},"1":{"loc":{"start":{"line":49,"column":6},"end":{"line":49,"column":35}},"type":"binary-expr","locations":[{"start":{"line":49,"column":6},"end":{"line":49,"column":30}},{"start":{"line":49,"column":34},"end":{"line":49,"column":35}}]},"2":{"loc":{"start":{"line":72,"column":4},"end":{"line":72,"column":54}},"type":"if","locations":[{"start":{"line":72,"column":4},"end":{"line":72,"column":54}}]},"3":{"loc":{"start":{"line":72,"column":8},"end":{"line":72,"column":42}},"type":"binary-expr","locations":[{"start":{"line":72,"column":8},"end":{"line":72,"column":17}},{"start":{"line":72,"column":21},"end":{"line":72,"column":42}}]},"4":{"loc":{"start":{"line":84,"column":4},"end":{"line":84,"column":52}},"type":"if","locations":[{"start":{"line":84,"column":4},"end":{"line":84,"column":52}}]},"5":{"loc":{"start":{"line":84,"column":8},"end":{"line":84,"column":40}},"type":"binary-expr","locations":[{"start":{"line":84,"column":8},"end":{"line":84,"column":17}},{"start":{"line":84,"column":21},"end":{"line":84,"column":40}}]},"6":{"loc":{"start":{"line":125,"column":4},"end":{"line":125,"column":74}},"type":"if","locations":[{"start":{"line":125,"column":4},"end":{"line":125,"column":74}}]},"7":{"loc":{"start":{"line":125,"column":8},"end":{"line":125,"column":56}},"type":"binary-expr","locations":[{"start":{"line":125,"column":8},"end":{"line":125,"column":24}},{"start":{"line":125,"column":28},"end":{"line":125,"column":56}}]},"8":{"loc":{"start":{"line":132,"column":4},"end":{"line":132,"column":44}},"type":"if","locations":[{"start":{"line":132,"column":4},"end":{"line":132,"column":44}}]},"9":{"loc":{"start":{"line":133,"column":4},"end":{"line":133,"column":44}},"type":"if","locations":[{"start":{"line":133,"column":4},"end":{"line":133,"column":44}}]}},"s":{"0":0,"1":0,"2":0,"3":0,"4":0,"5":0,"6":0,"7":0,"8":0,"9":0,"10":0,"11":0,"12":0,"13":0,"14":0,"15":0,"16":0,"17":0,"18":0,"19":0,"20":0,"21":0,"22":0,"23":0,"24":0,"25":0,"26":0,"27":0,"28":0,"29":0,"30":0,"31":0,"32":0,"33":0,"34":0,"35":0,"36":0,"37":0,"38":0,"39":0,"40":0,"41":0,"42":0,"43":0,"44":0,"45":0,"46":0,"47":0,"48":0,"49":0,"50":0,"51":0,"52":0,"53":1},"f":{"0":0,"1":0,"2":0,"3":0,"4":0,"5":0,"6":0,"7":0,"8":0,"9":0},"b":{"0":[0],"1":[0,0],"2":[0],"3":[0,0],"4":[0],"5":[0,0],"6":[0],"7":[0,0],"8":[0],"9":[0]}}
,"C:\\Users\\Usuario\\mathlingo\\adaptive-engine\\src\\types\\adaptive.ts": {"path":"C:\\Users\\Usuario\\mathlingo\\adaptive-engine\\src\\types\\adaptive.ts","statementMap":{"0":{"start":{"line":1,"column":0},"end":{"line":1,"column":null}},"1":{"start":{"line":2,"column":2},"end":{"line":2,"column":null}},"2":{"start":{"line":3,"column":2},"end":{"line":3,"column":null}},"3":{"start":{"line":4,"column":2},"end":{"line":4,"column":null}},"4":{"start":{"line":5,"column":2},"end":{"line":5,"column":null}},"5":{"start":{"line":6,"column":2},"end":{"line":6,"column":null}},"6":{"start":{"line":7,"column":2},"end":{"line":7,"column":null}}},"fnMap":{"0":{"name":"(anonymous_0)","decl":{"start":{"line":1,"column":0},"end":{"line":1,"column":12}},"loc":{"start":{"line":1,"column":30},"end":{"line":8,"column":1}}}},"branchMap":{"0":{"loc":{"start":{"line":1,"column":12},"end":{"line":1,"column":null}},"type":"binary-expr","locations":[{"start":{"line":1,"column":12},"end":{"line":1,"column":30}},{"start":{"line":1,"column":30},"end":{"line":1,"column":null}}]}},"s":{"0":1,"1":1,"2":1,"3":1,"4":1,"5":1,"6":1},"f":{"0":1},"b":{"0":[1,1]}}
,"C:\\Users\\Usuario\\mathlingo\\adaptive-engine\\src\\types\\errors.ts": {"path":"C:\\Users\\Usuario\\mathlingo\\adaptive-engine\\src\\types\\errors.ts","statementMap":{"0":{"start":{"line":3,"column":0},"end":{"line":3,"column":null}},"1":{"start":{"line":4,"column":2},"end":{"line":4,"column":null}},"2":{"start":{"line":5,"column":2},"end":{"line":5,"column":null}},"3":{"start":{"line":6,"column":2},"end":{"line":6,"column":null}},"4":{"start":{"line":7,"column":2},"end":{"line":7,"column":null}},"5":{"start":{"line":8,"column":2},"end":{"line":8,"column":null}},"6":{"start":{"line":9,"column":2},"end":{"line":9,"column":34}},"7":{"start":{"line":12,"column":0},"end":{"line":12,"column":null}},"8":{"start":{"line":13,"column":2},"end":{"line":13,"column":null}},"9":{"start":{"line":14,"column":2},"end":{"line":14,"column":null}},"10":{"start":{"line":15,"column":2},"end":{"line":15,"column":null}}},"fnMap":{"0":{"name":"(anonymous_0)","decl":{"start":{"line":3,"column":0},"end":{"line":3,"column":12}},"loc":{"start":{"line":3,"column":25},"end":{"line":10,"column":1}}},"1":{"name":"(anonymous_1)","decl":{"start":{"line":12,"column":0},"end":{"line":12,"column":12}},"loc":{"start":{"line":12,"column":25},"end":{"line":16,"column":1}}}},"branchMap":{"0":{"loc":{"start":{"line":3,"column":12},"end":{"line":3,"column":null}},"type":"binary-expr","locations":[{"start":{"line":3,"column":12},"end":{"line":3,"column":25}},{"start":{"line":3,"column":25},"end":{"line":3,"column":null}}]},"1":{"loc":{"start":{"line":12,"column":12},"end":{"line":12,"column":null}},"type":"binary-expr","locations":[{"start":{"line":12,"column":12},"end":{"line":12,"column":25}},{"start":{"line":12,"column":25},"end":{"line":12,"column":null}}]}},"s":{"0":1,"1":1,"2":1,"3":1,"4":1,"5":1,"6":1,"7":1,"8":1,"9":1,"10":1},"f":{"0":1,"1":1},"b":{"0":[1,1],"1":[1,1]}}
,"C:\\Users\\Usuario\\mathlingo\\adaptive-engine\\src\\types\\mastery.ts": {"path":"C:\\Users\\Usuario\\mathlingo\\adaptive-engine\\src\\types\\mastery.ts","statementMap":{"0":{"start":{"line":1,"column":0},"end":{"line":1,"column":null}},"1":{"start":{"line":2,"column":2},"end":{"line":2,"column":null}},"2":{"start":{"line":3,"column":2},"end":{"line":3,"column":null}},"3":{"start":{"line":4,"column":2},"end":{"line":4,"column":36}}},"fnMap":{"0":{"name":"(anonymous_0)","decl":{"start":{"line":1,"column":0},"end":{"line":1,"column":12}},"loc":{"start":{"line":1,"column":28},"end":{"line":5,"column":1}}}},"branchMap":{"0":{"loc":{"start":{"line":1,"column":12},"end":{"line":1,"column":null}},"type":"binary-expr","locations":[{"start":{"line":1,"column":12},"end":{"line":1,"column":28}},{"start":{"line":1,"column":28},"end":{"line":1,"column":null}}]}},"s":{"0":2,"1":2,"2":2,"3":2},"f":{"0":2},"b":{"0":[2,2]}}
}
