TN:
SF:src\config\error-taxonomy.ts
FNF:0
FNH:0
DA:1,1
DA:3,1
LF:2
LH:2
BRF:0
BRH:0
end_of_record
TN:
SF:src\config\thresholds.ts
FNF:0
FNH:0
DA:1,1
DA:3,1
DA:22,1
DA:28,1
LF:4
LH:4
BRF:0
BRH:0
end_of_record
TN:
SF:src\modules\adaptive-engine.ts
FN:19,(anonymous_0)
FN:178,(anonymous_2)
FN:183,(anonymous_3)
FN:188,(anonymous_4)
FN:196,(anonymous_5)
FN:201,(anonymous_6)
FN:206,(anonymous_7)
FNF:7
FNH:5
FNDA:3,(anonymous_0)
FNDA:1,(anonymous_2)
FNDA:0,(anonymous_3)
FNDA:0,(anonymous_4)
FNDA:1,(anonymous_5)
FNDA:1,(anonymous_6)
FNDA:1,(anonymous_7)
DA:1,1
DA:2,1
DA:3,1
DA:16,1
DA:20,3
DA:32,3
DA:36,3
DA:37,1
DA:38,1
DA:39,1
DA:52,2
DA:53,1
DA:54,1
DA:62,0
DA:74,1
DA:79,0
DA:80,0
DA:81,0
DA:90,0
DA:91,0
DA:92,0
DA:104,1
DA:105,1
DA:106,0
DA:116,1
DA:118,1
DA:119,0
DA:129,1
DA:131,1
DA:132,1
DA:142,0
DA:144,0
DA:146,0
DA:156,0
DA:157,0
DA:165,0
DA:179,1
DA:180,0
DA:184,0
DA:185,0
DA:189,0
DA:190,0
DA:192,0
DA:193,0
DA:197,1
DA:198,1
DA:202,1
DA:203,0
DA:207,1
DA:209,1
DA:210,1
DA:211,1
DA:213,1
DA:214,1
DA:215,1
DA:218,1
DA:219,0
DA:220,0
DA:221,0
DA:225,1
LF:60
LH:34
BRDA:36,0,0,1
BRDA:38,1,0,1
BRDA:52,2,0,1
BRDA:52,3,0,2
BRDA:52,3,1,1
BRDA:53,4,0,1
BRDA:53,4,1,0
BRDA:74,5,0,0
BRDA:75,6,0,1
BRDA:75,6,1,0
BRDA:75,6,2,0
BRDA:80,7,0,0
BRDA:91,8,0,0
BRDA:105,9,0,0
BRDA:118,10,0,0
BRDA:131,11,0,1
BRDA:144,12,0,0
BRDA:144,12,1,0
BRDA:156,13,0,0
BRDA:156,13,1,0
BRDA:179,14,0,1
BRDA:184,15,0,0
BRDA:190,16,0,0
BRDA:193,17,0,0
BRDA:193,17,1,0
BRDA:197,18,0,0
BRDA:202,19,0,1
BRDA:207,20,0,0
BRDA:220,21,0,0
BRDA:220,22,0,0
BRDA:220,22,1,0
BRF:31
BRH:10
end_of_record
TN:
SF:src\modules\error-classifier.ts
FN:26,(anonymous_0)
FN:98,(anonymous_1)
FN:105,(anonymous_2)
FN:119,(anonymous_3)
FN:124,(anonymous_4)
FN:176,(anonymous_5)
FN:180,(anonymous_6)
FN:207,(anonymous_7)
FN:222,(anonymous_8)
FN:233,(anonymous_9)
FN:234,(anonymous_10)
FN:235,(anonymous_11)
FN:237,(anonymous_12)
FN:243,(anonymous_13)
FNF:14
FNH:8
FNDA:4,(anonymous_0)
FNDA:4,(anonymous_1)
FNDA:2,(anonymous_2)
FNDA:4,(anonymous_3)
FNDA:2,(anonymous_4)
FNDA:4,(anonymous_5)
FNDA:2,(anonymous_6)
FNDA:1,(anonymous_7)
FNDA:0,(anonymous_8)
FNDA:0,(anonymous_9)
FNDA:0,(anonymous_10)
FNDA:0,(anonymous_11)
FNDA:0,(anonymous_12)
FNDA:0,(anonymous_13)
DA:1,1
DA:2,1
DA:20,1
DA:27,4
DA:30,4
DA:33,4
DA:34,2
DA:36,2
DA:37,1
DA:47,1
DA:48,1
DA:60,2
DA:61,2
DA:62,1
DA:72,1
DA:73,1
DA:74,1
DA:84,0
DA:85,0
DA:87,0
DA:99,4
DA:106,2
DA:107,2
DA:109,2
DA:110,0
DA:113,2
DA:114,2
DA:116,2
DA:120,4
DA:121,4
DA:125,2
DA:126,0
DA:136,2
DA:138,2
DA:139,0
DA:149,2
DA:150,2
DA:153,2
DA:154,2
DA:155,2
DA:157,2
DA:158,1
DA:167,1
DA:177,4
DA:181,2
DA:183,2
DA:184,7
DA:186,2
DA:187,7
DA:190,2
DA:191,5
DA:192,13
DA:193,4
DA:195,9
DA:204,2
DA:208,1
DA:209,0
DA:212,1
DA:213,1
DA:219,0
DA:223,0
DA:234,0
DA:235,0
DA:237,0
DA:238,0
DA:240,0
DA:245,0
DA:254,0
DA:255,0
DA:257,0
DA:258,0
DA:259,0
DA:260,0
DA:264,0
LF:74
LH:52
BRDA:33,0,0,2
BRDA:33,1,0,4
BRDA:33,1,1,2
BRDA:33,1,2,2
BRDA:36,2,0,1
BRDA:47,3,0,1
BRDA:61,4,0,1
BRDA:73,5,0,1
BRDA:109,6,0,0
BRDA:109,7,0,2
BRDA:109,7,1,2
BRDA:114,8,0,2
BRDA:114,8,1,2
BRDA:121,9,0,4
BRDA:121,9,1,0
BRDA:125,10,0,0
BRDA:138,11,0,0
BRDA:157,12,0,1
BRDA:157,13,0,2
BRDA:157,13,1,2
BRDA:172,14,0,1
BRDA:172,14,1,0
BRDA:192,15,0,4
BRDA:192,15,1,9
BRDA:208,16,0,0
BRDA:212,17,0,1
BRDA:224,18,0,0
BRDA:224,18,1,0
BRDA:228,19,0,0
BRDA:228,19,1,0
BRDA:229,20,0,0
BRDA:229,20,1,0
BRDA:240,21,0,0
BRDA:240,21,1,0
BRDA:246,22,0,0
BRDA:246,22,1,0
BRDA:247,23,0,0
BRDA:247,23,1,0
BRDA:248,24,0,0
BRDA:248,24,1,0
BRDA:249,25,0,0
BRDA:249,25,1,0
BRDA:250,26,0,0
BRDA:250,26,1,0
BRDA:258,27,0,0
BRDA:266,28,0,0
BRDA:266,28,1,0
BRF:47
BRH:20
end_of_record
TN:
SF:src\modules\mastery-model.ts
FN:9,(anonymous_0)
FN:22,(anonymous_1)
FN:43,(anonymous_2)
FN:54,(anonymous_3)
FN:76,(anonymous_4)
FN:95,(anonymous_5)
FN:111,(anonymous_6)
FN:141,(anonymous_7)
FN:147,(anonymous_8)
FNF:9
FNH:8
FNDA:5,(anonymous_0)
FNDA:3,(anonymous_1)
FNDA:3,(anonymous_2)
FNDA:3,(anonymous_3)
FNDA:3,(anonymous_4)
FNDA:7,(anonymous_5)
FNDA:2,(anonymous_6)
FNDA:0,(anonymous_7)
FNDA:7,(anonymous_8)
DA:2,1
DA:5,1
DA:6,5
DA:7,5
DA:10,5
DA:11,1
DA:12,1
DA:28,3
DA:31,3
DA:34,3
DA:35,3
DA:37,3
DA:45,3
DA:46,3
DA:47,3
DA:48,3
DA:55,3
DA:58,3
DA:60,1
DA:61,1
DA:64,2
DA:65,2
DA:67,3
DA:81,3
DA:85,3
DA:86,1
DA:89,3
DA:96,7
DA:112,2
DA:114,2
DA:116,2
DA:117,0
DA:120,2
DA:121,0
DA:124,2
DA:125,1
DA:128,2
DA:142,0
DA:143,0
DA:144,0
DA:148,7
DA:149,3
DA:150,2
DA:151,0
LF:44
LH:38
BRDA:10,0,0,1
BRDA:58,1,0,1
BRDA:58,1,1,2
BRDA:85,2,0,1
BRDA:116,3,0,0
BRDA:120,4,0,0
BRDA:124,5,0,1
BRDA:130,6,0,1
BRDA:130,6,1,1
BRDA:148,7,0,4
BRDA:149,8,0,1
BRDA:150,9,0,2
BRF:12
BRH:10
end_of_record
TN:
SF:src\modules\signals-calculator.ts
FN:65,(anonymous_1)
FN:74,(anonymous_2)
FN:78,(anonymous_3)
FN:90,(anonymous_4)
FN:94,(anonymous_5)
FN:96,(anonymous_6)
FN:106,(anonymous_7)
FN:120,(anonymous_8)
FN:128,(anonymous_9)
FN:137,(anonymous_10)
FNF:10
FNH:0
FNDA:0,(anonymous_1)
FNDA:0,(anonymous_2)
FNDA:0,(anonymous_3)
FNDA:0,(anonymous_4)
FNDA:0,(anonymous_5)
FNDA:0,(anonymous_6)
FNDA:0,(anonymous_7)
FNDA:0,(anonymous_8)
FNDA:0,(anonymous_9)
FNDA:0,(anonymous_10)
DA:3,1
DA:19,0
DA:22,0
DA:25,0
DA:26,0
DA:27,0
DA:28,0
DA:29,0
DA:30,0
DA:34,0
DA:42,0
DA:48,0
DA:54,0
DA:71,0
DA:72,0
DA:74,0
DA:75,0
DA:83,0
DA:84,0
DA:87,0
DA:88,0
DA:89,0
DA:90,0
DA:91,0
DA:94,0
DA:95,0
DA:96,0
DA:100,0
DA:101,0
DA:103,0
DA:113,0
DA:114,0
DA:115,0
DA:117,0
DA:124,0
DA:125,0
DA:127,0
DA:128,0
DA:132,0
DA:133,0
DA:134,0
DA:142,0
DA:143,0
DA:144,0
DA:146,0
LF:45
LH:1
BRDA:28,0,0,0
BRDA:49,1,0,0
BRDA:49,1,1,0
BRDA:72,2,0,0
BRDA:72,3,0,0
BRDA:72,3,1,0
BRDA:84,4,0,0
BRDA:84,5,0,0
BRDA:84,5,1,0
BRDA:125,6,0,0
BRDA:125,7,0,0
BRDA:125,7,1,0
BRDA:132,8,0,0
BRDA:133,9,0,0
BRF:14
BRH:0
end_of_record
TN:
SF:src\types\adaptive.ts
FN:1,(anonymous_0)
FNF:1
FNH:1
FNDA:1,(anonymous_0)
DA:1,1
DA:2,1
DA:3,1
DA:4,1
DA:5,1
DA:6,1
DA:7,1
LF:7
LH:7
BRDA:1,0,0,1
BRDA:1,0,1,1
BRF:2
BRH:2
end_of_record
TN:
SF:src\types\errors.ts
FN:3,(anonymous_0)
FN:12,(anonymous_1)
FNF:2
FNH:2
FNDA:1,(anonymous_0)
FNDA:1,(anonymous_1)
DA:3,1
DA:4,1
DA:5,1
DA:6,1
DA:7,1
DA:8,1
DA:9,1
DA:12,1
DA:13,1
DA:14,1
DA:15,1
LF:11
LH:11
BRDA:3,0,0,1
BRDA:3,0,1,1
BRDA:12,1,0,1
BRDA:12,1,1,1
BRF:4
BRH:4
end_of_record
TN:
SF:src\types\mastery.ts
FN:1,(anonymous_0)
FNF:1
FNH:1
FNDA:2,(anonymous_0)
DA:1,2
DA:2,2
DA:3,2
DA:4,2
LF:4
LH:4
BRDA:1,0,0,2
BRDA:1,0,1,2
BRF:2
BRH:2
end_of_record
