{"C:\\Users\\Usuario\\mathlingo\\ai-tutor\\src\\config\\ollama-config.ts": {"path":"C:\\Users\\Usuario\\mathlingo\\ai-tutor\\src\\config\\ollama-config.ts","statementMap":{"0":{"start":{"line":1,"column":0},"end":{"line":1,"column":28}},"1":{"start":{"line":2,"column":0},"end":{"line":2,"column":16}},"2":{"start":{"line":4,"column":13},"end":{"line":10,"column":2}},"3":{"start":{"line":12,"column":13},"end":{"line":19,"column":2}}},"fnMap":{},"branchMap":{"0":{"loc":{"start":{"line":5,"column":11},"end":{"line":5,"column":61}},"type":"binary-expr","locations":[{"start":{"line":5,"column":11},"end":{"line":5,"column":33}},{"start":{"line":5,"column":37},"end":{"line":5,"column":61}}]},"1":{"loc":{"start":{"line":6,"column":9},"end":{"line":6,"column":46}},"type":"binary-expr","locations":[{"start":{"line":6,"column":9},"end":{"line":6,"column":33}},{"start":{"line":6,"column":37},"end":{"line":6,"column":46}}]},"2":{"loc":{"start":{"line":7,"column":26},"end":{"line":7,"column":65}},"type":"binary-expr","locations":[{"start":{"line":7,"column":26},"end":{"line":7,"column":56}},{"start":{"line":7,"column":60},"end":{"line":7,"column":65}}]},"3":{"loc":{"start":{"line":8,"column":22},"end":{"line":8,"column":61}},"type":"binary-expr","locations":[{"start":{"line":8,"column":22},"end":{"line":8,"column":51}},{"start":{"line":8,"column":55},"end":{"line":8,"column":61}}]},"4":{"loc":{"start":{"line":9,"column":20},"end":{"line":9,"column":57}},"type":"binary-expr","locations":[{"start":{"line":9,"column":20},"end":{"line":9,"column":46}},{"start":{"line":9,"column":50},"end":{"line":9,"column":57}}]},"5":{"loc":{"start":{"line":18,"column":17},"end":{"line":18,"column":43}},"type":"binary-expr","locations":[{"start":{"line":18,"column":17},"end":{"line":18,"column":33}},{"start":{"line":18,"column":37},"end":{"line":18,"column":43}}]}},"s":{"0":2,"1":2,"2":2,"3":2},"f":{},"b":{"0":[2,2],"1":[2,2],"2":[2,2],"3":[2,2],"4":[2,2],"5":[2,2]}}
,"C:\\Users\\Usuario\\mathlingo\\ai-tutor\\src\\config\\prompts.ts": {"path":"C:\\Users\\Usuario\\mathlingo\\ai-tutor\\src\\config\\prompts.ts","statementMap":{"0":{"start":{"line":3,"column":13},"end":{"line":207,"column":2}},"1":{"start":{"line":211,"column":13},"end":{"line":236,"column":2}},"2":{"start":{"line":240,"column":13},"end":{"line":251,"column":2}}},"fnMap":{},"branchMap":{},"s":{"0":5,"1":5,"2":5},"f":{},"b":{}}
,"C:\\Users\\Usuario\\mathlingo\\ai-tutor\\src\\modules\\ai-tutor.ts": {"path":"C:\\Users\\Usuario\\mathlingo\\ai-tutor\\src\\modules\\ai-tutor.ts","statementMap":{"0":{"start":{"line":133,"column":0},"end":{"line":133,"column":16}},"1":{"start":{"line":1,"column":0},"end":{"line":1,"column":59}},"2":{"start":{"line":2,"column":0},"end":{"line":2,"column":49}},"3":{"start":{"line":3,"column":0},"end":{"line":3,"column":57}},"4":{"start":{"line":4,"column":0},"end":{"line":4,"column":49}},"5":{"start":{"line":5,"column":0},"end":{"line":5,"column":57}},"6":{"start":{"line":6,"column":0},"end":{"line":6,"column":51}},"7":{"start":{"line":7,"column":0},"end":{"line":7,"column":51}},"8":{"start":{"line":16,"column":12},"end":{"line":16,"column":33}},"9":{"start":{"line":17,"column":12},"end":{"line":17,"column":40}},"10":{"start":{"line":18,"column":12},"end":{"line":18,"column":48}},"11":{"start":{"line":19,"column":12},"end":{"line":19,"column":40}},"12":{"start":{"line":20,"column":12},"end":{"line":20,"column":48}},"13":{"start":{"line":21,"column":12},"end":{"line":21,"column":42}},"14":{"start":{"line":22,"column":12},"end":{"line":22,"column":42}},"15":{"start":{"line":34,"column":4},"end":{"line":36,"column":5}},"16":{"start":{"line":35,"column":6},"end":{"line":35,"column":66}},"17":{"start":{"line":39,"column":42},"end":{"line":42,"column":6}},"18":{"start":{"line":45,"column":19},"end":{"line":45,"column":70}},"19":{"start":{"line":48,"column":20},"end":{"line":48,"column":62}},"20":{"start":{"line":51,"column":4},"end":{"line":56,"column":7}},"21":{"start":{"line":58,"column":4},"end":{"line":63,"column":7}},"22":{"start":{"line":65,"column":4},"end":{"line":70,"column":6}},"23":{"start":{"line":83,"column":4},"end":{"line":85,"column":6}},"24":{"start":{"line":98,"column":4},"end":{"line":100,"column":6}},"25":{"start":{"line":113,"column":4},"end":{"line":115,"column":6}},"26":{"start":{"line":126,"column":4},"end":{"line":126,"column":88}},"27":{"start":{"line":14,"column":0},"end":{"line":14,"column":13}},"28":{"start":{"line":134,"column":17},"end":{"line":134,"column":53}},"29":{"start":{"line":135,"column":24},"end":{"line":135,"column":43}},"30":{"start":{"line":136,"column":28},"end":{"line":136,"column":72}},"31":{"start":{"line":137,"column":24},"end":{"line":137,"column":64}},"32":{"start":{"line":138,"column":28},"end":{"line":138,"column":72}},"33":{"start":{"line":139,"column":25},"end":{"line":139,"column":45}},"34":{"start":{"line":140,"column":25},"end":{"line":140,"column":66}},"35":{"start":{"line":142,"column":2},"end":{"line":145,"column":4}}},"fnMap":{"0":{"name":"(anonymous_0)","decl":{"start":{"line":15,"column":2},"end":{"line":15,"column":null}},"loc":{"start":{"line":22,"column":42},"end":{"line":23,"column":6}}},"1":{"name":"(anonymous_1)","decl":{"start":{"line":28,"column":2},"end":{"line":28,"column":7}},"loc":{"start":{"line":31,"column":25},"end":{"line":71,"column":3}}},"2":{"name":"(anonymous_2)","decl":{"start":{"line":76,"column":2},"end":{"line":76,"column":7}},"loc":{"start":{"line":81,"column":16},"end":{"line":86,"column":3}}},"3":{"name":"(anonymous_3)","decl":{"start":{"line":91,"column":2},"end":{"line":91,"column":7}},"loc":{"start":{"line":96,"column":24},"end":{"line":101,"column":3}}},"4":{"name":"(anonymous_4)","decl":{"start":{"line":106,"column":2},"end":{"line":106,"column":7}},"loc":{"start":{"line":111,"column":29},"end":{"line":116,"column":3}}},"5":{"name":"(anonymous_5)","decl":{"start":{"line":121,"column":2},"end":{"line":121,"column":7}},"loc":{"start":{"line":124,"column":24},"end":{"line":127,"column":3}}},"6":{"name":"createAITutor","decl":{"start":{"line":133,"column":16},"end":{"line":133,"column":29}},"loc":{"start":{"line":133,"column":59},"end":{"line":146,"column":1}}}},"branchMap":{"0":{"loc":{"start":{"line":34,"column":4},"end":{"line":36,"column":5}},"type":"if","locations":[{"start":{"line":34,"column":4},"end":{"line":36,"column":5}}]},"1":{"loc":{"start":{"line":34,"column":8},"end":{"line":34,"column":44}},"type":"binary-expr","locations":[{"start":{"line":34,"column":8},"end":{"line":34,"column":24}},{"start":{"line":34,"column":28},"end":{"line":34,"column":44}}]},"2":{"loc":{"start":{"line":134,"column":17},"end":{"line":134,"column":53}},"type":"binary-expr","locations":[{"start":{"line":134,"column":17},"end":{"line":134,"column":30}},{"start":{"line":134,"column":34},"end":{"line":134,"column":53}}]}},"s":{"0":1,"1":1,"2":1,"3":1,"4":1,"5":1,"6":1,"7":1,"8":6,"9":6,"10":6,"11":6,"12":6,"13":6,"14":6,"15":2,"16":1,"17":1,"18":1,"19":1,"20":1,"21":1,"22":1,"23":1,"24":1,"25":1,"26":1,"27":1,"28":6,"29":6,"30":6,"31":6,"32":6,"33":6,"34":6,"35":6},"f":{"0":6,"1":2,"2":1,"3":1,"4":1,"5":1,"6":6},"b":{"0":[1],"1":[2,1],"2":[6,0]}}
,"C:\\Users\\Usuario\\mathlingo\\ai-tutor\\src\\modules\\context-builder.ts": {"path":"C:\\Users\\Usuario\\mathlingo\\ai-tutor\\src\\modules\\context-builder.ts","statementMap":{"0":{"start":{"line":7,"column":38},"end":{"line":9,"column":2}},"1":{"start":{"line":11,"column":40},"end":{"line":14,"column":2}},"2":{"start":{"line":25,"column":8},"end":{"line":25,"column":13}},"3":{"start":{"line":28,"column":18},"end":{"line":28,"column":52}},"4":{"start":{"line":30,"column":4},"end":{"line":42,"column":6}},"5":{"start":{"line":50,"column":4},"end":{"line":50,"column":19}},"6":{"start":{"line":55,"column":4},"end":{"line":62,"column":6}},"7":{"start":{"line":16,"column":0},"end":{"line":16,"column":13}}},"fnMap":{"0":{"name":"(anonymous_0)","decl":{"start":{"line":21,"column":2},"end":{"line":21,"column":7}},"loc":{"start":{"line":21,"column":45},"end":{"line":43,"column":3}}},"1":{"name":"(anonymous_1)","decl":{"start":{"line":48,"column":2},"end":{"line":48,"column":7}},"loc":{"start":{"line":48,"column":43},"end":{"line":51,"column":3}}},"2":{"name":"(anonymous_2)","decl":{"start":{"line":54,"column":10},"end":{"line":54,"column":15}},"loc":{"start":{"line":54,"column":46},"end":{"line":63,"column":3}}}},"branchMap":{"0":{"loc":{"start":{"line":37,"column":15},"end":{"line":37,"column":46}},"type":"binary-expr","locations":[{"start":{"line":37,"column":15},"end":{"line":37,"column":27}},{"start":{"line":37,"column":31},"end":{"line":37,"column":46}}]},"1":{"loc":{"start":{"line":38,"column":15},"end":{"line":38,"column":41}},"type":"binary-expr","locations":[{"start":{"line":38,"column":15},"end":{"line":38,"column":22}},{"start":{"line":38,"column":26},"end":{"line":38,"column":41}}]},"2":{"loc":{"start":{"line":39,"column":27},"end":{"line":39,"column":52}},"type":"binary-expr","locations":[{"start":{"line":39,"column":27},"end":{"line":39,"column":46}},{"start":{"line":39,"column":50},"end":{"line":39,"column":52}}]}},"s":{"0":1,"1":1,"2":0,"3":0,"4":0,"5":0,"6":0,"7":1},"f":{"0":0,"1":0,"2":0},"b":{"0":[0,0],"1":[0,0],"2":[0,0]}}
,"C:\\Users\\Usuario\\mathlingo\\ai-tutor\\src\\modules\\exercise-generator.ts": {"path":"C:\\Users\\Usuario\\mathlingo\\ai-tutor\\src\\modules\\exercise-generator.ts","statementMap":{"0":{"start":{"line":9,"column":12},"end":{"line":9,"column":33}},"1":{"start":{"line":10,"column":12},"end":{"line":10,"column":40}},"2":{"start":{"line":20,"column":19},"end":{"line":21,"column":null}},"3":{"start":{"line":24,"column":16},"end":{"line":24,"column":58}},"4":{"start":{"line":25,"column":21},"end":{"line":25,"column":63}},"5":{"start":{"line":27,"column":4},"end":{"line":29,"column":5}},"6":{"start":{"line":28,"column":6},"end":{"line":28,"column":77}},"7":{"start":{"line":31,"column":4},"end":{"line":31,"column":53}},"8":{"start":{"line":35,"column":4},"end":{"line":63,"column":5}},"9":{"start":{"line":36,"column":23},"end":{"line":36,"column":44}},"10":{"start":{"line":37,"column":21},"end":{"line":37,"column":41}},"11":{"start":{"line":39,"column":6},"end":{"line":49,"column":8}},"12":{"start":{"line":52,"column":6},"end":{"line":62,"column":8}},"13":{"start":{"line":67,"column":4},"end":{"line":67,"column":75}},"14":{"start":{"line":67,"column":62},"end":{"line":67,"column":75}},"15":{"start":{"line":68,"column":4},"end":{"line":68,"column":46}},"16":{"start":{"line":68,"column":33},"end":{"line":68,"column":46}},"17":{"start":{"line":69,"column":4},"end":{"line":69,"column":16}},"18":{"start":{"line":73,"column":4},"end":{"line":73,"column":36}},"19":{"start":{"line":73,"column":20},"end":{"line":73,"column":36}},"20":{"start":{"line":76,"column":56},"end":{"line":82,"column":6}},"21":{"start":{"line":84,"column":4},"end":{"line":87,"column":46}},"22":{"start":{"line":87,"column":26},"end":{"line":87,"column":44}},"23":{"start":{"line":89,"column":4},"end":{"line":89,"column":20}},"24":{"start":{"line":94,"column":18},"end":{"line":94,"column":43}},"25":{"start":{"line":95,"column":4},"end":{"line":95,"column":35}},"26":{"start":{"line":7,"column":0},"end":{"line":7,"column":13}}},"fnMap":{"0":{"name":"(anonymous_0)","decl":{"start":{"line":8,"column":2},"end":{"line":8,"column":null}},"loc":{"start":{"line":10,"column":40},"end":{"line":11,"column":6}}},"1":{"name":"(anonymous_1)","decl":{"start":{"line":13,"column":2},"end":{"line":13,"column":7}},"loc":{"start":{"line":18,"column":29},"end":{"line":32,"column":3}}},"2":{"name":"(anonymous_2)","decl":{"start":{"line":34,"column":10},"end":{"line":34,"column":23}},"loc":{"start":{"line":34,"column":69},"end":{"line":64,"column":3}}},"3":{"name":"(anonymous_3)","decl":{"start":{"line":66,"column":10},"end":{"line":66,"column":35}},"loc":{"start":{"line":66,"column":63},"end":{"line":70,"column":3}}},"4":{"name":"(anonymous_4)","decl":{"start":{"line":72,"column":10},"end":{"line":72,"column":25}},"loc":{"start":{"line":72,"column":80},"end":{"line":90,"column":3}}},"5":{"name":"(anonymous_5)","decl":{"start":{"line":87,"column":13},"end":{"line":87,"column":14}},"loc":{"start":{"line":87,"column":26},"end":{"line":87,"column":44}}},"6":{"name":"(anonymous_6)","decl":{"start":{"line":92,"column":10},"end":{"line":92,"column":21}},"loc":{"start":{"line":92,"column":34},"end":{"line":96,"column":3}}}},"branchMap":{"0":{"loc":{"start":{"line":27,"column":4},"end":{"line":29,"column":5}},"type":"if","locations":[{"start":{"line":27,"column":4},"end":{"line":29,"column":5}}]},"1":{"loc":{"start":{"line":40,"column":12},"end":{"line":40,"column":44}},"type":"binary-expr","locations":[{"start":{"line":40,"column":12},"end":{"line":40,"column":21}},{"start":{"line":40,"column":25},"end":{"line":40,"column":44}}]},"2":{"loc":{"start":{"line":41,"column":17},"end":{"line":41,"column":43}},"type":"binary-expr","locations":[{"start":{"line":41,"column":17},"end":{"line":41,"column":31}},{"start":{"line":41,"column":35},"end":{"line":41,"column":43}}]},"3":{"loc":{"start":{"line":42,"column":20},"end":{"line":42,"column":51}},"type":"binary-expr","locations":[{"start":{"line":42,"column":20},"end":{"line":42,"column":37}},{"start":{"line":42,"column":41},"end":{"line":42,"column":51}}]},"4":{"loc":{"start":{"line":43,"column":19},"end":{"line":43,"column":41}},"type":"binary-expr","locations":[{"start":{"line":43,"column":19},"end":{"line":43,"column":35}},{"start":{"line":43,"column":39},"end":{"line":43,"column":41}}]},"5":{"loc":{"start":{"line":44,"column":23},"end":{"line":44,"column":49}},"type":"binary-expr","locations":[{"start":{"line":44,"column":23},"end":{"line":44,"column":43}},{"start":{"line":44,"column":47},"end":{"line":44,"column":49}}]},"6":{"loc":{"start":{"line":45,"column":23},"end":{"line":45,"column":86}},"type":"cond-expr","locations":[{"start":{"line":45,"column":61},"end":{"line":45,"column":81}},{"start":{"line":45,"column":84},"end":{"line":45,"column":86}}]},"7":{"loc":{"start":{"line":46,"column":30},"end":{"line":46,"column":62}},"type":"binary-expr","locations":[{"start":{"line":46,"column":30},"end":{"line":46,"column":57}},{"start":{"line":46,"column":61},"end":{"line":46,"column":62}}]},"8":{"loc":{"start":{"line":47,"column":27},"end":{"line":47,"column":98}},"type":"cond-expr","locations":[{"start":{"line":47,"column":69},"end":{"line":47,"column":93}},{"start":{"line":47,"column":96},"end":{"line":47,"column":98}}]},"9":{"loc":{"start":{"line":48,"column":30},"end":{"line":48,"column":93}},"type":"binary-expr","locations":[{"start":{"line":48,"column":30},"end":{"line":48,"column":56}},{"start":{"line":48,"column":60},"end":{"line":48,"column":87}},{"start":{"line":48,"column":91},"end":{"line":48,"column":93}}]},"10":{"loc":{"start":{"line":67,"column":4},"end":{"line":67,"column":75}},"type":"if","locations":[{"start":{"line":67,"column":4},"end":{"line":67,"column":75}}]},"11":{"loc":{"start":{"line":67,"column":8},"end":{"line":67,"column":60}},"type":"binary-expr","locations":[{"start":{"line":67,"column":8},"end":{"line":67,"column":27}},{"start":{"line":67,"column":31},"end":{"line":67,"column":60}}]},"12":{"loc":{"start":{"line":68,"column":4},"end":{"line":68,"column":46}},"type":"if","locations":[{"start":{"line":68,"column":4},"end":{"line":68,"column":46}}]},"13":{"loc":{"start":{"line":73,"column":4},"end":{"line":73,"column":36}},"type":"if","locations":[{"start":{"line":73,"column":4},"end":{"line":73,"column":36}}]},"14":{"loc":{"start":{"line":95,"column":11},"end":{"line":95,"column":34}},"type":"cond-expr","locations":[{"start":{"line":95,"column":19},"end":{"line":95,"column":27}},{"start":{"line":95,"column":30},"end":{"line":95,"column":34}}]}},"s":{"0":10,"1":10,"2":5,"3":5,"4":5,"5":5,"6":1,"7":4,"8":5,"9":5,"10":5,"11":5,"12":0,"13":5,"14":1,"15":4,"16":0,"17":4,"18":4,"19":3,"20":1,"21":1,"22":2,"23":1,"24":5,"25":5,"26":2},"f":{"0":10,"1":5,"2":5,"3":5,"4":4,"5":2,"6":5},"b":{"0":[1],"1":[5,1],"2":[5,1],"3":[5,1],"4":[5,1],"5":[5,1],"6":[4,1],"7":[5,2],"8":[3,2],"9":[5,2,2],"10":[1],"11":[5,4],"12":[0],"13":[3],"14":[4,1]}}
,"C:\\Users\\Usuario\\mathlingo\\ai-tutor\\src\\modules\\explanation-engine.ts": {"path":"C:\\Users\\Usuario\\mathlingo\\ai-tutor\\src\\modules\\explanation-engine.ts","statementMap":{"0":{"start":{"line":10,"column":12},"end":{"line":10,"column":33}},"1":{"start":{"line":11,"column":12},"end":{"line":11,"column":40}},"2":{"start":{"line":21,"column":19},"end":{"line":22,"column":null}},"3":{"start":{"line":25,"column":27},"end":{"line":25,"column":69}},"4":{"start":{"line":26,"column":20},"end":{"line":26,"column":77}},"5":{"start":{"line":28,"column":42},"end":{"line":31,"column":6}},"6":{"start":{"line":34,"column":4},"end":{"line":40,"column":5}},"7":{"start":{"line":35,"column":6},"end":{"line":39,"column":8}},"8":{"start":{"line":42,"column":4},"end":{"line":42,"column":20}},"9":{"start":{"line":50,"column":19},"end":{"line":72,"column":35}},"10":{"start":{"line":57,"column":30},"end":{"line":57,"column":46}},"11":{"start":{"line":74,"column":4},"end":{"line":80,"column":5}},"12":{"start":{"line":75,"column":18},"end":{"line":75,"column":60}},"13":{"start":{"line":76,"column":21},"end":{"line":76,"column":54}},"14":{"start":{"line":77,"column":6},"end":{"line":77,"column":68}},"15":{"start":{"line":77,"column":33},"end":{"line":77,"column":68}},"16":{"start":{"line":83,"column":4},"end":{"line":89,"column":8}},"17":{"start":{"line":83,"column":45},"end":{"line":89,"column":6}},"18":{"start":{"line":94,"column":4},"end":{"line":96,"column":5}},"19":{"start":{"line":95,"column":6},"end":{"line":95,"column":74}},"20":{"start":{"line":97,"column":4},"end":{"line":97,"column":23}},"21":{"start":{"line":102,"column":18},"end":{"line":102,"column":43}},"22":{"start":{"line":103,"column":4},"end":{"line":103,"column":35}},"23":{"start":{"line":8,"column":0},"end":{"line":8,"column":13}}},"fnMap":{"0":{"name":"(anonymous_0)","decl":{"start":{"line":9,"column":2},"end":{"line":9,"column":null}},"loc":{"start":{"line":11,"column":40},"end":{"line":12,"column":6}}},"1":{"name":"(anonymous_1)","decl":{"start":{"line":14,"column":2},"end":{"line":14,"column":7}},"loc":{"start":{"line":19,"column":16},"end":{"line":43,"column":3}}},"2":{"name":"(anonymous_2)","decl":{"start":{"line":45,"column":2},"end":{"line":45,"column":7}},"loc":{"start":{"line":48,"column":25},"end":{"line":90,"column":3}}},"3":{"name":"(anonymous_3)","decl":{"start":{"line":57,"column":20},"end":{"line":57,"column":21}},"loc":{"start":{"line":57,"column":30},"end":{"line":57,"column":46}}},"4":{"name":"(anonymous_4)","decl":{"start":{"line":83,"column":29},"end":{"line":83,"column":30}},"loc":{"start":{"line":83,"column":45},"end":{"line":89,"column":6}}},"5":{"name":"(anonymous_5)","decl":{"start":{"line":92,"column":10},"end":{"line":92,"column":32}},"loc":{"start":{"line":92,"column":74},"end":{"line":98,"column":3}}},"6":{"name":"(anonymous_6)","decl":{"start":{"line":100,"column":10},"end":{"line":100,"column":21}},"loc":{"start":{"line":100,"column":34},"end":{"line":104,"column":3}}}},"branchMap":{"0":{"loc":{"start":{"line":30,"column":16},"end":{"line":30,"column":94}},"type":"cond-expr","locations":[{"start":{"line":30,"column":36},"end":{"line":30,"column":44}},{"start":{"line":30,"column":47},"end":{"line":30,"column":94}}]},"1":{"loc":{"start":{"line":30,"column":47},"end":{"line":30,"column":94}},"type":"cond-expr","locations":[{"start":{"line":30,"column":67},"end":{"line":30,"column":81}},{"start":{"line":30,"column":84},"end":{"line":30,"column":94}}]},"2":{"loc":{"start":{"line":34,"column":4},"end":{"line":40,"column":5}},"type":"if","locations":[{"start":{"line":34,"column":4},"end":{"line":40,"column":5}}]},"3":{"loc":{"start":{"line":34,"column":8},"end":{"line":34,"column":65}},"type":"binary-expr","locations":[{"start":{"line":34,"column":8},"end":{"line":34,"column":29}},{"start":{"line":34,"column":33},"end":{"line":34,"column":65}}]},"4":{"loc":{"start":{"line":77,"column":6},"end":{"line":77,"column":68}},"type":"if","locations":[{"start":{"line":77,"column":6},"end":{"line":77,"column":68}}]},"5":{"loc":{"start":{"line":87,"column":14},"end":{"line":87,"column":77}},"type":"cond-expr","locations":[{"start":{"line":87,"column":49},"end":{"line":87,"column":70}},{"start":{"line":87,"column":73},"end":{"line":87,"column":77}}]},"6":{"loc":{"start":{"line":94,"column":4},"end":{"line":96,"column":5}},"type":"if","locations":[{"start":{"line":94,"column":4},"end":{"line":96,"column":5}}]},"7":{"loc":{"start":{"line":94,"column":8},"end":{"line":94,"column":57}},"type":"binary-expr","locations":[{"start":{"line":94,"column":8},"end":{"line":94,"column":25}},{"start":{"line":94,"column":29},"end":{"line":94,"column":57}}]},"8":{"loc":{"start":{"line":103,"column":11},"end":{"line":103,"column":34}},"type":"cond-expr","locations":[{"start":{"line":103,"column":19},"end":{"line":103,"column":27}},{"start":{"line":103,"column":30},"end":{"line":103,"column":34}}]}},"s":{"0":6,"1":6,"2":1,"3":1,"4":1,"5":1,"6":1,"7":0,"8":1,"9":0,"10":0,"11":0,"12":0,"13":0,"14":0,"15":0,"16":0,"17":0,"18":1,"19":0,"20":1,"21":0,"22":0,"23":1},"f":{"0":6,"1":1,"2":0,"3":0,"4":0,"5":1,"6":0},"b":{"0":[0,1],"1":[1,0],"2":[0],"3":[1,0],"4":[0],"5":[0,0],"6":[0],"7":[1,0],"8":[0,0]}}
,"C:\\Users\\Usuario\\mathlingo\\ai-tutor\\src\\modules\\hint-generator.ts": {"path":"C:\\Users\\Usuario\\mathlingo\\ai-tutor\\src\\modules\\hint-generator.ts","statementMap":{"0":{"start":{"line":7,"column":12},"end":{"line":7,"column":33}},"1":{"start":{"line":8,"column":12},"end":{"line":8,"column":40}},"2":{"start":{"line":18,"column":19},"end":{"line":19,"column":null}},"3":{"start":{"line":22,"column":20},"end":{"line":22,"column":62}},"4":{"start":{"line":23,"column":17},"end":{"line":23,"column":69}},"5":{"start":{"line":24,"column":31},"end":{"line":24,"column":102}},"6":{"start":{"line":26,"column":4},"end":{"line":31,"column":6}},"7":{"start":{"line":36,"column":4},"end":{"line":38,"column":5}},"8":{"start":{"line":37,"column":6},"end":{"line":37,"column":52}},"9":{"start":{"line":39,"column":4},"end":{"line":39,"column":16}},"10":{"start":{"line":44,"column":4},"end":{"line":44,"column":54}},"11":{"start":{"line":48,"column":48},"end":{"line":52,"column":6}},"12":{"start":{"line":53,"column":4},"end":{"line":53,"column":31}},"13":{"start":{"line":5,"column":0},"end":{"line":5,"column":13}}},"fnMap":{"0":{"name":"(anonymous_0)","decl":{"start":{"line":6,"column":2},"end":{"line":6,"column":null}},"loc":{"start":{"line":8,"column":40},"end":{"line":9,"column":6}}},"1":{"name":"(anonymous_1)","decl":{"start":{"line":11,"column":2},"end":{"line":11,"column":7}},"loc":{"start":{"line":16,"column":24},"end":{"line":32,"column":3}}},"2":{"name":"(anonymous_2)","decl":{"start":{"line":34,"column":10},"end":{"line":34,"column":30}},"loc":{"start":{"line":34,"column":61},"end":{"line":40,"column":3}}},"3":{"name":"(anonymous_3)","decl":{"start":{"line":42,"column":10},"end":{"line":42,"column":40}},"loc":{"start":{"line":42,"column":88},"end":{"line":45,"column":3}}},"4":{"name":"(anonymous_4)","decl":{"start":{"line":47,"column":10},"end":{"line":47,"column":29}},"loc":{"start":{"line":47,"column":50},"end":{"line":54,"column":3}}}},"branchMap":{"0":{"loc":{"start":{"line":36,"column":4},"end":{"line":38,"column":5}},"type":"if","locations":[{"start":{"line":36,"column":4},"end":{"line":38,"column":5}}]},"1":{"loc":{"start":{"line":36,"column":8},"end":{"line":36,"column":42}},"type":"binary-expr","locations":[{"start":{"line":36,"column":8},"end":{"line":36,"column":19}},{"start":{"line":36,"column":23},"end":{"line":36,"column":42}}]},"2":{"loc":{"start":{"line":44,"column":11},"end":{"line":44,"column":53}},"type":"binary-expr","locations":[{"start":{"line":44,"column":11},"end":{"line":44,"column":28}},{"start":{"line":44,"column":32},"end":{"line":44,"column":53}}]}},"s":{"0":11,"1":11,"2":6,"3":6,"4":6,"5":6,"6":6,"7":6,"8":1,"9":5,"10":6,"11":6,"12":6,"13":2},"f":{"0":11,"1":6,"2":6,"3":6,"4":6},"b":{"0":[1],"1":[6,1],"2":[6,1]}}
,"C:\\Users\\Usuario\\mathlingo\\ai-tutor\\src\\modules\\prompt-builder.ts": {"path":"C:\\Users\\Usuario\\mathlingo\\ai-tutor\\src\\modules\\prompt-builder.ts","statementMap":{"0":{"start":{"line":4,"column":0},"end":{"line":4,"column":76}},"1":{"start":{"line":7,"column":2},"end":{"line":7,"column":58}},"2":{"start":{"line":7,"column":18},"end":{"line":7,"column":58}},"3":{"start":{"line":8,"column":2},"end":{"line":8,"column":62}},"4":{"start":{"line":8,"column":18},"end":{"line":8,"column":62}},"5":{"start":{"line":9,"column":2},"end":{"line":9,"column":42}},"6":{"start":{"line":13,"column":45},"end":{"line":19,"column":4}},"7":{"start":{"line":20,"column":2},"end":{"line":20,"column":30}},"8":{"start":{"line":28,"column":25},"end":{"line":28,"column":57}},"9":{"start":{"line":30,"column":17},"end":{"line":30,"column":42}},"10":{"start":{"line":31,"column":4},"end":{"line":31,"column":47}},"11":{"start":{"line":33,"column":4},"end":{"line":33,"column":47}},"12":{"start":{"line":34,"column":4},"end":{"line":34,"column":62}},"13":{"start":{"line":35,"column":4},"end":{"line":35,"column":60}},"14":{"start":{"line":36,"column":4},"end":{"line":36,"column":99}},"15":{"start":{"line":37,"column":4},"end":{"line":37,"column":61}},"16":{"start":{"line":39,"column":4},"end":{"line":42,"column":5}},"17":{"start":{"line":40,"column":6},"end":{"line":40,"column":88}},"18":{"start":{"line":41,"column":6},"end":{"line":41,"column":71}},"19":{"start":{"line":44,"column":4},"end":{"line":50,"column":5}},"20":{"start":{"line":45,"column":6},"end":{"line":45,"column":119}},"21":{"start":{"line":46,"column":6},"end":{"line":48,"column":9}},"22":{"start":{"line":47,"column":8},"end":{"line":47,"column":89}},"23":{"start":{"line":49,"column":6},"end":{"line":49,"column":146}},"24":{"start":{"line":52,"column":4},"end":{"line":52,"column":97}},"25":{"start":{"line":53,"column":4},"end":{"line":53,"column":91}},"26":{"start":{"line":55,"column":4},"end":{"line":55,"column":18}},"27":{"start":{"line":68,"column":17},"end":{"line":68,"column":42}},"28":{"start":{"line":69,"column":4},"end":{"line":69,"column":40}},"29":{"start":{"line":70,"column":4},"end":{"line":70,"column":47}},"30":{"start":{"line":72,"column":4},"end":{"line":72,"column":54}},"31":{"start":{"line":73,"column":4},"end":{"line":73,"column":61}},"32":{"start":{"line":74,"column":4},"end":{"line":76,"column":5}},"33":{"start":{"line":75,"column":6},"end":{"line":75,"column":82}},"34":{"start":{"line":77,"column":4},"end":{"line":77,"column":63}},"35":{"start":{"line":78,"column":4},"end":{"line":78,"column":75}},"36":{"start":{"line":79,"column":4},"end":{"line":79,"column":68}},"37":{"start":{"line":80,"column":4},"end":{"line":80,"column":110}},"38":{"start":{"line":82,"column":4},"end":{"line":82,"column":18}},"39":{"start":{"line":94,"column":17},"end":{"line":94,"column":42}},"40":{"start":{"line":96,"column":47},"end":{"line":100,"column":6}},"41":{"start":{"line":101,"column":4},"end":{"line":101,"column":33}},"42":{"start":{"line":103,"column":4},"end":{"line":105,"column":5}},"43":{"start":{"line":104,"column":6},"end":{"line":104,"column":141}},"44":{"start":{"line":107,"column":4},"end":{"line":107,"column":54}},"45":{"start":{"line":108,"column":4},"end":{"line":108,"column":106}},"46":{"start":{"line":110,"column":4},"end":{"line":112,"column":5}},"47":{"start":{"line":111,"column":6},"end":{"line":111,"column":117}},"48":{"start":{"line":111,"column":84},"end":{"line":111,"column":100}},"49":{"start":{"line":114,"column":4},"end":{"line":114,"column":97}},"50":{"start":{"line":116,"column":4},"end":{"line":116,"column":18}},"51":{"start":{"line":130,"column":29},"end":{"line":130,"column":39}},"52":{"start":{"line":131,"column":4},"end":{"line":132,"column":82}},"53":{"start":{"line":131,"column":27},"end":{"line":131,"column":76}},"54":{"start":{"line":132,"column":9},"end":{"line":132,"column":82}},"55":{"start":{"line":132,"column":32},"end":{"line":132,"column":82}},"56":{"start":{"line":134,"column":17},"end":{"line":134,"column":51}},"57":{"start":{"line":136,"column":4},"end":{"line":136,"column":50}},"58":{"start":{"line":137,"column":4},"end":{"line":137,"column":86}},"59":{"start":{"line":139,"column":4},"end":{"line":139,"column":44}},"60":{"start":{"line":140,"column":4},"end":{"line":140,"column":41}},"61":{"start":{"line":141,"column":4},"end":{"line":141,"column":64}},"62":{"start":{"line":142,"column":4},"end":{"line":142,"column":66}},"63":{"start":{"line":143,"column":4},"end":{"line":143,"column":59}},"64":{"start":{"line":145,"column":4},"end":{"line":147,"column":5}},"65":{"start":{"line":146,"column":6},"end":{"line":146,"column":115}},"66":{"start":{"line":149,"column":4},"end":{"line":154,"column":5}},"67":{"start":{"line":150,"column":6},"end":{"line":150,"column":55}},"68":{"start":{"line":151,"column":6},"end":{"line":153,"column":9}},"69":{"start":{"line":152,"column":8},"end":{"line":152,"column":42}},"70":{"start":{"line":156,"column":4},"end":{"line":156,"column":66}},"71":{"start":{"line":158,"column":4},"end":{"line":158,"column":18}},"72":{"start":{"line":169,"column":17},"end":{"line":169,"column":54}},"73":{"start":{"line":171,"column":4},"end":{"line":171,"column":42}},"74":{"start":{"line":172,"column":4},"end":{"line":172,"column":51}},"75":{"start":{"line":173,"column":4},"end":{"line":173,"column":57}},"76":{"start":{"line":174,"column":4},"end":{"line":174,"column":61}},"77":{"start":{"line":175,"column":4},"end":{"line":175,"column":67}},"78":{"start":{"line":176,"column":4},"end":{"line":176,"column":66}},"79":{"start":{"line":177,"column":4},"end":{"line":177,"column":52}},"80":{"start":{"line":178,"column":4},"end":{"line":178,"column":45}},"81":{"start":{"line":179,"column":4},"end":{"line":179,"column":66}},"82":{"start":{"line":181,"column":4},"end":{"line":181,"column":18}},"83":{"start":{"line":23,"column":0},"end":{"line":23,"column":13}}},"fnMap":{"0":{"name":"getMasteryTemplate","decl":{"start":{"line":6,"column":9},"end":{"line":6,"column":27}},"loc":{"start":{"line":6,"column":41},"end":{"line":10,"column":1}}},"1":{"name":"getErrorPrompt","decl":{"start":{"line":12,"column":9},"end":{"line":12,"column":23}},"loc":{"start":{"line":12,"column":48},"end":{"line":21,"column":1}}},"2":{"name":"(anonymous_2)","decl":{"start":{"line":27,"column":2},"end":{"line":27,"column":17}},"loc":{"start":{"line":27,"column":39},"end":{"line":56,"column":3}}},"3":{"name":"(anonymous_3)","decl":{"start":{"line":46,"column":52},"end":{"line":46,"column":53}},"loc":{"start":{"line":46,"column":60},"end":{"line":48,"column":7}}},"4":{"name":"(anonymous_4)","decl":{"start":{"line":61,"column":2},"end":{"line":61,"column":24}},"loc":{"start":{"line":66,"column":16},"end":{"line":83,"column":3}}},"5":{"name":"(anonymous_5)","decl":{"start":{"line":88,"column":2},"end":{"line":88,"column":17}},"loc":{"start":{"line":92,"column":32},"end":{"line":117,"column":3}}},"6":{"name":"(anonymous_6)","decl":{"start":{"line":111,"column":74},"end":{"line":111,"column":75}},"loc":{"start":{"line":111,"column":84},"end":{"line":111,"column":100}}},"7":{"name":"(anonymous_7)","decl":{"start":{"line":122,"column":2},"end":{"line":122,"column":31}},"loc":{"start":{"line":127,"column":29},"end":{"line":159,"column":3}}},"8":{"name":"(anonymous_8)","decl":{"start":{"line":151,"column":42},"end":{"line":151,"column":43}},"loc":{"start":{"line":151,"column":49},"end":{"line":153,"column":7}}},"9":{"name":"(anonymous_9)","decl":{"start":{"line":164,"column":2},"end":{"line":164,"column":21}},"loc":{"start":{"line":167,"column":24},"end":{"line":182,"column":3}}}},"branchMap":{"0":{"loc":{"start":{"line":7,"column":2},"end":{"line":7,"column":58}},"type":"if","locations":[{"start":{"line":7,"column":2},"end":{"line":7,"column":58}}]},"1":{"loc":{"start":{"line":8,"column":2},"end":{"line":8,"column":62}},"type":"if","locations":[{"start":{"line":8,"column":2},"end":{"line":8,"column":62}}]},"2":{"loc":{"start":{"line":20,"column":9},"end":{"line":20,"column":29}},"type":"binary-expr","locations":[{"start":{"line":20,"column":9},"end":{"line":20,"column":23}},{"start":{"line":20,"column":27},"end":{"line":20,"column":29}}]},"3":{"loc":{"start":{"line":36,"column":44},"end":{"line":36,"column":94}},"type":"binary-expr","locations":[{"start":{"line":36,"column":44},"end":{"line":36,"column":81}},{"start":{"line":36,"column":85},"end":{"line":36,"column":94}}]},"4":{"loc":{"start":{"line":39,"column":4},"end":{"line":42,"column":5}},"type":"if","locations":[{"start":{"line":39,"column":4},"end":{"line":42,"column":5}}]},"5":{"loc":{"start":{"line":44,"column":4},"end":{"line":50,"column":5}},"type":"if","locations":[{"start":{"line":44,"column":4},"end":{"line":50,"column":5}}]},"6":{"loc":{"start":{"line":47,"column":21},"end":{"line":47,"column":68}},"type":"cond-expr","locations":[{"start":{"line":47,"column":46},"end":{"line":47,"column":58}},{"start":{"line":47,"column":61},"end":{"line":47,"column":68}}]},"7":{"loc":{"start":{"line":52,"column":44},"end":{"line":52,"column":91}},"type":"binary-expr","locations":[{"start":{"line":52,"column":44},"end":{"line":52,"column":66}},{"start":{"line":52,"column":70},"end":{"line":52,"column":91}}]},"8":{"loc":{"start":{"line":74,"column":4},"end":{"line":76,"column":5}},"type":"if","locations":[{"start":{"line":74,"column":4},"end":{"line":76,"column":5}}]},"9":{"loc":{"start":{"line":92,"column":4},"end":{"line":92,"column":32}},"type":"default-arg","locations":[{"start":{"line":92,"column":30},"end":{"line":92,"column":32}}]},"10":{"loc":{"start":{"line":103,"column":4},"end":{"line":105,"column":5}},"type":"if","locations":[{"start":{"line":103,"column":4},"end":{"line":105,"column":5}}]},"11":{"loc":{"start":{"line":103,"column":8},"end":{"line":103,"column":44}},"type":"binary-expr","locations":[{"start":{"line":103,"column":8},"end":{"line":103,"column":25}},{"start":{"line":103,"column":29},"end":{"line":103,"column":44}}]},"12":{"loc":{"start":{"line":110,"column":4},"end":{"line":112,"column":5}},"type":"if","locations":[{"start":{"line":110,"column":4},"end":{"line":112,"column":5}}]},"13":{"loc":{"start":{"line":131,"column":4},"end":{"line":132,"column":82}},"type":"if","locations":[{"start":{"line":131,"column":4},"end":{"line":132,"column":82}},{"start":{"line":132,"column":9},"end":{"line":132,"column":82}}]},"14":{"loc":{"start":{"line":132,"column":9},"end":{"line":132,"column":82}},"type":"if","locations":[{"start":{"line":132,"column":9},"end":{"line":132,"column":82}}]},"15":{"loc":{"start":{"line":145,"column":4},"end":{"line":147,"column":5}},"type":"if","locations":[{"start":{"line":145,"column":4},"end":{"line":147,"column":5}}]},"16":{"loc":{"start":{"line":149,"column":4},"end":{"line":154,"column":5}},"type":"if","locations":[{"start":{"line":149,"column":4},"end":{"line":154,"column":5}}]},"17":{"loc":{"start":{"line":149,"column":8},"end":{"line":149,"column":57}},"type":"binary-expr","locations":[{"start":{"line":149,"column":8},"end":{"line":149,"column":25}},{"start":{"line":149,"column":29},"end":{"line":149,"column":57}}]}},"s":{"0":5,"1":11,"2":1,"3":10,"4":9,"5":1,"6":4,"7":4,"8":7,"9":7,"10":7,"11":7,"12":7,"13":7,"14":7,"15":7,"16":7,"17":7,"18":7,"19":7,"20":1,"21":1,"22":2,"23":1,"24":7,"25":7,"26":7,"27":4,"28":4,"29":4,"30":4,"31":4,"32":4,"33":3,"34":4,"35":4,"36":4,"37":4,"38":4,"39":9,"40":9,"41":9,"42":9,"43":1,"44":9,"45":9,"46":9,"47":1,"48":1,"49":9,"50":9,"51":8,"52":8,"53":1,"54":7,"55":1,"56":8,"57":8,"58":8,"59":8,"60":8,"61":8,"62":8,"63":8,"64":8,"65":1,"66":8,"67":0,"68":0,"69":0,"70":8,"71":8,"72":4,"73":4,"74":4,"75":4,"76":4,"77":4,"78":4,"79":4,"80":4,"81":4,"82":4,"83":5},"f":{"0":11,"1":4,"2":7,"3":2,"4":4,"5":9,"6":1,"7":8,"8":0,"9":4},"b":{"0":[1],"1":[9],"2":[4,0],"3":[7,7],"4":[7],"5":[1],"6":[1,1],"7":[7,0],"8":[3],"9":[2],"10":[1],"11":[9,1],"12":[1],"13":[1,7],"14":[1],"15":[1],"16":[0],"17":[8,1]}}
,"C:\\Users\\Usuario\\mathlingo\\ai-tutor\\src\\modules\\strategy-engine.ts": {"path":"C:\\Users\\Usuario\\mathlingo\\ai-tutor\\src\\modules\\strategy-engine.ts","statementMap":{"0":{"start":{"line":7,"column":12},"end":{"line":7,"column":33}},"1":{"start":{"line":8,"column":12},"end":{"line":8,"column":40}},"2":{"start":{"line":16,"column":19},"end":{"line":16,"column":91}},"3":{"start":{"line":17,"column":16},"end":{"line":17,"column":58}},"4":{"start":{"line":19,"column":4},"end":{"line":26,"column":5}},"5":{"start":{"line":20,"column":23},"end":{"line":20,"column":44}},"6":{"start":{"line":21,"column":21},"end":{"line":21,"column":41}},"7":{"start":{"line":22,"column":6},"end":{"line":22,"column":66}},"8":{"start":{"line":25,"column":6},"end":{"line":25,"column":74}},"9":{"start":{"line":37,"column":49},"end":{"line":37,"column":57}},"10":{"start":{"line":38,"column":65},"end":{"line":38,"column":75}},"11":{"start":{"line":39,"column":69},"end":{"line":39,"column":79}},"12":{"start":{"line":40,"column":33},"end":{"line":40,"column":58}},"13":{"start":{"line":42,"column":4},"end":{"line":45,"column":5}},"14":{"start":{"line":43,"column":6},"end":{"line":43,"column":26}},"15":{"start":{"line":44,"column":6},"end":{"line":44,"column":36}},"16":{"start":{"line":46,"column":4},"end":{"line":48,"column":5}},"17":{"start":{"line":47,"column":6},"end":{"line":47,"column":32}},"18":{"start":{"line":49,"column":4},"end":{"line":51,"column":5}},"19":{"start":{"line":50,"column":6},"end":{"line":50,"column":50}},"20":{"start":{"line":52,"column":4},"end":{"line":55,"column":5}},"21":{"start":{"line":53,"column":6},"end":{"line":53,"column":32}},"22":{"start":{"line":54,"column":6},"end":{"line":54,"column":36}},"23":{"start":{"line":56,"column":4},"end":{"line":59,"column":5}},"24":{"start":{"line":57,"column":6},"end":{"line":57,"column":28}},"25":{"start":{"line":58,"column":6},"end":{"line":58,"column":32}},"26":{"start":{"line":60,"column":4},"end":{"line":63,"column":5}},"27":{"start":{"line":61,"column":6},"end":{"line":61,"column":26}},"28":{"start":{"line":62,"column":6},"end":{"line":62,"column":36}},"29":{"start":{"line":64,"column":4},"end":{"line":67,"column":5}},"30":{"start":{"line":65,"column":6},"end":{"line":65,"column":28}},"31":{"start":{"line":66,"column":6},"end":{"line":66,"column":37}},"32":{"start":{"line":70,"column":6},"end":{"line":70,"column":84}},"33":{"start":{"line":72,"column":4},"end":{"line":80,"column":6}},"34":{"start":{"line":84,"column":28},"end":{"line":84,"column":75}},"35":{"start":{"line":85,"column":24},"end":{"line":85,"column":55}},"36":{"start":{"line":86,"column":32},"end":{"line":86,"column":65}},"37":{"start":{"line":87,"column":24},"end":{"line":87,"column":62}},"38":{"start":{"line":89,"column":4},"end":{"line":97,"column":6}},"39":{"start":{"line":101,"column":4},"end":{"line":101,"column":83}},"40":{"start":{"line":101,"column":31},"end":{"line":101,"column":83}},"41":{"start":{"line":102,"column":4},"end":{"line":102,"column":99}},"42":{"start":{"line":102,"column":36},"end":{"line":102,"column":99}},"43":{"start":{"line":103,"column":4},"end":{"line":103,"column":102}},"44":{"start":{"line":103,"column":66},"end":{"line":103,"column":102}},"45":{"start":{"line":104,"column":4},"end":{"line":104,"column":47}},"46":{"start":{"line":108,"column":18},"end":{"line":108,"column":43}},"47":{"start":{"line":109,"column":4},"end":{"line":109,"column":35}},"48":{"start":{"line":5,"column":0},"end":{"line":5,"column":13}}},"fnMap":{"0":{"name":"(anonymous_0)","decl":{"start":{"line":6,"column":2},"end":{"line":6,"column":null}},"loc":{"start":{"line":8,"column":40},"end":{"line":9,"column":6}}},"1":{"name":"(anonymous_1)","decl":{"start":{"line":11,"column":2},"end":{"line":11,"column":7}},"loc":{"start":{"line":14,"column":24},"end":{"line":27,"column":3}}},"2":{"name":"(anonymous_2)","decl":{"start":{"line":32,"column":2},"end":{"line":32,"column":23}},"loc":{"start":{"line":35,"column":24},"end":{"line":81,"column":3}}},"3":{"name":"(anonymous_3)","decl":{"start":{"line":83,"column":10},"end":{"line":83,"column":26}},"loc":{"start":{"line":83,"column":85},"end":{"line":98,"column":3}}},"4":{"name":"(anonymous_4)","decl":{"start":{"line":100,"column":10},"end":{"line":100,"column":30}},"loc":{"start":{"line":100,"column":76},"end":{"line":105,"column":3}}},"5":{"name":"(anonymous_5)","decl":{"start":{"line":107,"column":10},"end":{"line":107,"column":21}},"loc":{"start":{"line":107,"column":34},"end":{"line":110,"column":3}}}},"branchMap":{"0":{"loc":{"start":{"line":42,"column":4},"end":{"line":45,"column":5}},"type":"if","locations":[{"start":{"line":42,"column":4},"end":{"line":45,"column":5}}]},"1":{"loc":{"start":{"line":46,"column":4},"end":{"line":48,"column":5}},"type":"if","locations":[{"start":{"line":46,"column":4},"end":{"line":48,"column":5}}]},"2":{"loc":{"start":{"line":49,"column":4},"end":{"line":51,"column":5}},"type":"if","locations":[{"start":{"line":49,"column":4},"end":{"line":51,"column":5}}]},"3":{"loc":{"start":{"line":52,"column":4},"end":{"line":55,"column":5}},"type":"if","locations":[{"start":{"line":52,"column":4},"end":{"line":55,"column":5}}]},"4":{"loc":{"start":{"line":56,"column":4},"end":{"line":59,"column":5}},"type":"if","locations":[{"start":{"line":56,"column":4},"end":{"line":59,"column":5}}]},"5":{"loc":{"start":{"line":60,"column":4},"end":{"line":63,"column":5}},"type":"if","locations":[{"start":{"line":60,"column":4},"end":{"line":63,"column":5}}]},"6":{"loc":{"start":{"line":64,"column":4},"end":{"line":67,"column":5}},"type":"if","locations":[{"start":{"line":64,"column":4},"end":{"line":67,"column":5}}]},"7":{"loc":{"start":{"line":70,"column":6},"end":{"line":70,"column":84}},"type":"cond-expr","locations":[{"start":{"line":70,"column":26},"end":{"line":70,"column":34}},{"start":{"line":70,"column":37},"end":{"line":70,"column":84}}]},"8":{"loc":{"start":{"line":70,"column":37},"end":{"line":70,"column":84}},"type":"cond-expr","locations":[{"start":{"line":70,"column":57},"end":{"line":70,"column":71}},{"start":{"line":70,"column":74},"end":{"line":70,"column":84}}]},"9":{"loc":{"start":{"line":76,"column":20},"end":{"line":76,"column":49}},"type":"cond-expr","locations":[{"start":{"line":76,"column":44},"end":{"line":76,"column":45}},{"start":{"line":76,"column":48},"end":{"line":76,"column":49}}]},"10":{"loc":{"start":{"line":90,"column":16},"end":{"line":90,"column":86}},"type":"cond-expr","locations":[{"start":{"line":90,"column":60},"end":{"line":90,"column":75}},{"start":{"line":90,"column":78},"end":{"line":90,"column":86}}]},"11":{"loc":{"start":{"line":91,"column":24},"end":{"line":91,"column":108}},"type":"cond-expr","locations":[{"start":{"line":91,"column":72},"end":{"line":91,"column":95}},{"start":{"line":91,"column":98},"end":{"line":91,"column":108}}]},"12":{"loc":{"start":{"line":92,"column":26},"end":{"line":92,"column":122}},"type":"cond-expr","locations":[{"start":{"line":92,"column":84},"end":{"line":92,"column":109}},{"start":{"line":92,"column":112},"end":{"line":92,"column":122}}]},"13":{"loc":{"start":{"line":93,"column":20},"end":{"line":93,"column":85}},"type":"cond-expr","locations":[{"start":{"line":93,"column":62},"end":{"line":93,"column":81}},{"start":{"line":93,"column":84},"end":{"line":93,"column":85}}]},"14":{"loc":{"start":{"line":94,"column":18},"end":{"line":94,"column":75}},"type":"cond-expr","locations":[{"start":{"line":94,"column":53},"end":{"line":94,"column":70}},{"start":{"line":94,"column":73},"end":{"line":94,"column":75}}]},"15":{"loc":{"start":{"line":95,"column":22},"end":{"line":95,"column":156}},"type":"cond-expr","locations":[{"start":{"line":95,"column":93},"end":{"line":95,"column":138}},{"start":{"line":95,"column":142},"end":{"line":95,"column":156}}]},"16":{"loc":{"start":{"line":95,"column":43},"end":{"line":95,"column":88}},"type":"binary-expr","locations":[{"start":{"line":95,"column":43},"end":{"line":95,"column":63}},{"start":{"line":95,"column":67},"end":{"line":95,"column":88}}]},"17":{"loc":{"start":{"line":95,"column":93},"end":{"line":95,"column":138}},"type":"binary-expr","locations":[{"start":{"line":95,"column":93},"end":{"line":95,"column":113}},{"start":{"line":95,"column":117},"end":{"line":95,"column":138}}]},"18":{"loc":{"start":{"line":96,"column":29},"end":{"line":96,"column":109}},"type":"binary-expr","locations":[{"start":{"line":96,"column":29},"end":{"line":96,"column":57}},{"start":{"line":96,"column":61},"end":{"line":96,"column":109}}]},"19":{"loc":{"start":{"line":101,"column":4},"end":{"line":101,"column":83}},"type":"if","locations":[{"start":{"line":101,"column":4},"end":{"line":101,"column":83}}]},"20":{"loc":{"start":{"line":102,"column":4},"end":{"line":102,"column":99}},"type":"if","locations":[{"start":{"line":102,"column":4},"end":{"line":102,"column":99}}]},"21":{"loc":{"start":{"line":103,"column":4},"end":{"line":103,"column":102}},"type":"if","locations":[{"start":{"line":103,"column":4},"end":{"line":103,"column":102}}]},"22":{"loc":{"start":{"line":103,"column":8},"end":{"line":103,"column":64}},"type":"binary-expr","locations":[{"start":{"line":103,"column":8},"end":{"line":103,"column":43}},{"start":{"line":103,"column":47},"end":{"line":103,"column":64}}]},"23":{"loc":{"start":{"line":109,"column":11},"end":{"line":109,"column":34}},"type":"cond-expr","locations":[{"start":{"line":109,"column":19},"end":{"line":109,"column":27}},{"start":{"line":109,"column":30},"end":{"line":109,"column":34}}]}},"s":{"0":13,"1":13,"2":3,"3":3,"4":3,"5":3,"6":3,"7":3,"8":0,"9":5,"10":5,"11":5,"12":5,"13":5,"14":1,"15":1,"16":5,"17":0,"18":5,"19":1,"20":5,"21":0,"22":0,"23":5,"24":1,"25":1,"26":5,"27":0,"28":0,"29":5,"30":2,"31":2,"32":5,"33":5,"34":3,"35":3,"36":3,"37":3,"38":3,"39":6,"40":2,"41":4,"42":1,"43":3,"44":1,"45":2,"46":3,"47":3,"48":2},"f":{"0":13,"1":3,"2":5,"3":3,"4":6,"5":3},"b":{"0":[1],"1":[0],"2":[1],"3":[0],"4":[1],"5":[0],"6":[2],"7":[1,4],"8":[2,2],"9":[1,4],"10":[2,1],"11":[2,1],"12":[2,1],"13":[2,1],"14":[2,1],"15":[2,1],"16":[3,2],"17":[2,1],"18":[3,1],"19":[2],"20":[1],"21":[1],"22":[3,1],"23":[2,1]}}
,"C:\\Users\\Usuario\\mathlingo\\ai-tutor\\src\\services\\ollama-service.ts": {"path":"C:\\Users\\Usuario\\mathlingo\\ai-tutor\\src\\services\\ollama-service.ts","statementMap":{"0":{"start":{"line":1,"column":0},"end":{"line":1,"column":26}},"1":{"start":{"line":2,"column":0},"end":{"line":2,"column":56}},"2":{"start":{"line":41,"column":4},"end":{"line":41,"column":27}},"3":{"start":{"line":42,"column":4},"end":{"line":42,"column":23}},"4":{"start":{"line":43,"column":4},"end":{"line":43,"column":35}},"5":{"start":{"line":44,"column":4},"end":{"line":44,"column":31}},"6":{"start":{"line":45,"column":4},"end":{"line":45,"column":27}},"7":{"start":{"line":52,"column":43},"end":{"line":59,"column":6}},"8":{"start":{"line":61,"column":4},"end":{"line":84,"column":5}},"9":{"start":{"line":62,"column":23},"end":{"line":65,"column":null}},"10":{"start":{"line":68,"column":6},"end":{"line":70,"column":7}},"11":{"start":{"line":69,"column":8},"end":{"line":69,"column":58}},"12":{"start":{"line":72,"column":6},"end":{"line":72,"column":43}},"13":{"start":{"line":74,"column":6},"end":{"line":82,"column":7}},"14":{"start":{"line":75,"column":8},"end":{"line":77,"column":9}},"15":{"start":{"line":76,"column":10},"end":{"line":76,"column":99}},"16":{"start":{"line":78,"column":8},"end":{"line":80,"column":9}},"17":{"start":{"line":79,"column":10},"end":{"line":79,"column":70}},"18":{"start":{"line":81,"column":8},"end":{"line":81,"column":88}},"19":{"start":{"line":83,"column":6},"end":{"line":83,"column":18}},"20":{"start":{"line":91,"column":4},"end":{"line":96,"column":5}},"21":{"start":{"line":92,"column":6},"end":{"line":92,"column":69}},"22":{"start":{"line":93,"column":6},"end":{"line":93,"column":18}},"23":{"start":{"line":95,"column":6},"end":{"line":95,"column":19}},"24":{"start":{"line":103,"column":21},"end":{"line":105,"column":null}},"25":{"start":{"line":107,"column":4},"end":{"line":107,"column":51}},"26":{"start":{"line":107,"column":43},"end":{"line":107,"column":49}},"27":{"start":{"line":114,"column":4},"end":{"line":114,"column":23}},"28":{"start":{"line":118,"column":4},"end":{"line":118,"column":22}},"29":{"start":{"line":27,"column":0},"end":{"line":27,"column":13}}},"fnMap":{"0":{"name":"(anonymous_1)","decl":{"start":{"line":34,"column":2},"end":{"line":34,"column":null}},"loc":{"start":{"line":39,"column":43},"end":{"line":46,"column":3}}},"1":{"name":"(anonymous_2)","decl":{"start":{"line":51,"column":2},"end":{"line":51,"column":7}},"loc":{"start":{"line":51,"column":39},"end":{"line":85,"column":3}}},"2":{"name":"(anonymous_3)","decl":{"start":{"line":90,"column":2},"end":{"line":90,"column":7}},"loc":{"start":{"line":90,"column":26},"end":{"line":97,"column":3}}},"3":{"name":"(anonymous_4)","decl":{"start":{"line":102,"column":2},"end":{"line":102,"column":7}},"loc":{"start":{"line":102,"column":27},"end":{"line":108,"column":3}}},"4":{"name":"(anonymous_5)","decl":{"start":{"line":107,"column":36},"end":{"line":107,"column":37}},"loc":{"start":{"line":107,"column":43},"end":{"line":107,"column":49}}},"5":{"name":"(anonymous_6)","decl":{"start":{"line":113,"column":2},"end":{"line":113,"column":10}},"loc":{"start":{"line":113,"column":24},"end":{"line":115,"column":3}}},"6":{"name":"(anonymous_7)","decl":{"start":{"line":117,"column":2},"end":{"line":117,"column":10}},"loc":{"start":{"line":117,"column":10},"end":{"line":119,"column":3}}}},"branchMap":{"0":{"loc":{"start":{"line":35,"column":4},"end":{"line":35,"column":43}},"type":"default-arg","locations":[{"start":{"line":35,"column":22},"end":{"line":35,"column":43}}]},"1":{"loc":{"start":{"line":36,"column":4},"end":{"line":36,"column":39}},"type":"default-arg","locations":[{"start":{"line":36,"column":20},"end":{"line":36,"column":39}}]},"2":{"loc":{"start":{"line":37,"column":4},"end":{"line":37,"column":51}},"type":"default-arg","locations":[{"start":{"line":37,"column":26},"end":{"line":37,"column":51}}]},"3":{"loc":{"start":{"line":38,"column":4},"end":{"line":38,"column":47}},"type":"default-arg","locations":[{"start":{"line":38,"column":24},"end":{"line":38,"column":47}}]},"4":{"loc":{"start":{"line":39,"column":4},"end":{"line":39,"column":43}},"type":"default-arg","locations":[{"start":{"line":39,"column":22},"end":{"line":39,"column":43}}]},"5":{"loc":{"start":{"line":68,"column":6},"end":{"line":70,"column":7}},"type":"if","locations":[{"start":{"line":68,"column":6},"end":{"line":70,"column":7}}]},"6":{"loc":{"start":{"line":74,"column":6},"end":{"line":82,"column":7}},"type":"if","locations":[{"start":{"line":74,"column":6},"end":{"line":82,"column":7}}]},"7":{"loc":{"start":{"line":75,"column":8},"end":{"line":77,"column":9}},"type":"if","locations":[{"start":{"line":75,"column":8},"end":{"line":77,"column":9}}]},"8":{"loc":{"start":{"line":78,"column":8},"end":{"line":80,"column":9}},"type":"if","locations":[{"start":{"line":78,"column":8},"end":{"line":80,"column":9}}]}},"s":{"0":2,"1":2,"2":7,"3":7,"4":7,"5":7,"6":7,"7":3,"8":3,"9":3,"10":2,"11":1,"12":1,"13":2,"14":2,"15":1,"16":1,"17":0,"18":1,"19":0,"20":2,"21":2,"22":1,"23":1,"24":1,"25":1,"26":2,"27":1,"28":1,"29":2},"f":{"0":7,"1":3,"2":2,"3":1,"4":2,"5":1,"6":1},"b":{"0":[0],"1":[0],"2":[7],"3":[7],"4":[7],"5":[1],"6":[2],"7":[1],"8":[0]}}
}
