TN:
SF:src\config\ollama-config.ts
FNF:0
FNH:0
DA:1,1
DA:2,1
DA:4,1
DA:12,1
LF:4
LH:4
BRDA:5,0,0,1
BRDA:5,0,1,1
BRDA:6,1,0,1
BRDA:6,1,1,1
BRDA:7,2,0,1
BRDA:7,2,1,1
BRDA:8,3,0,1
BRDA:8,3,1,1
BRDA:9,4,0,1
BRDA:9,4,1,1
BRDA:18,5,0,1
BRDA:18,5,1,1
BRF:12
BRH:12
end_of_record
TN:
SF:src\config\prompts.ts
FNF:0
FNH:0
DA:3,4
DA:211,4
DA:240,4
LF:3
LH:3
BRF:0
BRH:0
end_of_record
TN:
SF:src\modules\exercise-generator.ts
FN:8,(anonymous_0)
FN:13,(anonymous_1)
FN:34,(anonymous_2)
FN:66,(anonymous_3)
FN:72,(anonymous_4)
FN:87,(anonymous_5)
FN:92,(anonymous_6)
FNF:7
FNH:7
FNDA:4,(anonymous_0)
FNDA:4,(anonymous_1)
FNDA:4,(anonymous_2)
FNDA:4,(anonymous_3)
FNDA:3,(anonymous_4)
FNDA:2,(anonymous_5)
FNDA:4,(anonymous_6)
DA:7,1
DA:9,4
DA:10,4
DA:20,4
DA:24,4
DA:25,4
DA:27,4
DA:28,1
DA:31,3
DA:35,4
DA:36,4
DA:37,4
DA:39,4
DA:52,0
DA:67,4
DA:68,3
DA:69,3
DA:73,3
DA:76,1
DA:84,1
DA:87,2
DA:89,1
DA:94,4
DA:95,4
LF:24
LH:23
BRDA:27,0,0,1
BRDA:40,1,0,4
BRDA:40,1,1,1
BRDA:41,2,0,4
BRDA:41,2,1,1
BRDA:42,3,0,4
BRDA:42,3,1,1
BRDA:43,4,0,4
BRDA:43,4,1,1
BRDA:44,5,0,4
BRDA:44,5,1,1
BRDA:45,6,0,3
BRDA:45,6,1,1
BRDA:46,7,0,4
BRDA:46,7,1,1
BRDA:47,8,0,3
BRDA:47,8,1,1
BRDA:48,9,0,4
BRDA:48,9,1,1
BRDA:48,9,2,1
BRDA:67,10,0,1
BRDA:67,11,0,4
BRDA:67,11,1,3
BRDA:68,12,0,0
BRDA:73,13,0,2
BRDA:95,14,0,3
BRDA:95,14,1,1
BRF:27
BRH:26
end_of_record
TN:
SF:src\modules\hint-generator.ts
FN:6,(anonymous_0)
FN:11,(anonymous_1)
FN:34,(anonymous_2)
FN:42,(anonymous_3)
FN:47,(anonymous_4)
FNF:5
FNH:5
FNDA:5,(anonymous_0)
FNDA:5,(anonymous_1)
FNDA:5,(anonymous_2)
FNDA:5,(anonymous_3)
FNDA:5,(anonymous_4)
DA:5,1
DA:7,5
DA:8,5
DA:18,5
DA:22,5
DA:23,5
DA:24,5
DA:26,5
DA:36,5
DA:37,1
DA:39,4
DA:44,5
DA:48,5
DA:53,5
LF:14
LH:14
BRDA:36,0,0,1
BRDA:36,1,0,5
BRDA:36,1,1,1
BRDA:44,2,0,5
BRDA:44,2,1,1
BRF:5
BRH:5
end_of_record
TN:
SF:src\modules\prompt-builder.ts
FN:6,getMasteryTemplate
FN:12,getErrorPrompt
FN:27,(anonymous_2)
FN:46,(anonymous_3)
FN:61,(anonymous_4)
FN:88,(anonymous_5)
FN:111,(anonymous_6)
FN:122,(anonymous_7)
FN:151,(anonymous_8)
FN:164,(anonymous_9)
FNF:10
FNH:9
FNDA:9,getMasteryTemplate
FNDA:3,getErrorPrompt
FNDA:6,(anonymous_2)
FNDA:2,(anonymous_3)
FNDA:3,(anonymous_4)
FNDA:8,(anonymous_5)
FNDA:1,(anonymous_6)
FNDA:7,(anonymous_7)
FNDA:0,(anonymous_8)
FNDA:3,(anonymous_9)
DA:4,4
DA:7,9
DA:8,8
DA:9,1
DA:13,3
DA:20,3
DA:23,4
DA:28,6
DA:30,6
DA:31,6
DA:33,6
DA:34,6
DA:35,6
DA:36,6
DA:37,6
DA:39,6
DA:40,6
DA:41,6
DA:44,6
DA:45,1
DA:46,1
DA:47,2
DA:49,1
DA:52,6
DA:53,6
DA:55,6
DA:68,3
DA:69,3
DA:70,3
DA:72,3
DA:73,3
DA:74,3
DA:75,3
DA:77,3
DA:78,3
DA:79,3
DA:80,3
DA:82,3
DA:94,8
DA:96,8
DA:101,8
DA:103,8
DA:104,1
DA:107,8
DA:108,8
DA:110,8
DA:111,1
DA:114,8
DA:116,8
DA:130,7
DA:131,7
DA:132,6
DA:134,7
DA:136,7
DA:137,7
DA:139,7
DA:140,7
DA:141,7
DA:142,7
DA:143,7
DA:145,7
DA:146,1
DA:149,7
DA:150,0
DA:151,0
DA:152,0
DA:156,7
DA:158,7
DA:169,3
DA:171,3
DA:172,3
DA:173,3
DA:174,3
DA:175,3
DA:176,3
DA:177,3
DA:178,3
DA:179,3
DA:181,3
LF:79
LH:76
BRDA:7,0,0,1
BRDA:8,1,0,7
BRDA:20,2,0,3
BRDA:20,2,1,0
BRDA:36,3,0,6
BRDA:36,3,1,6
BRDA:39,4,0,6
BRDA:44,5,0,1
BRDA:47,6,0,1
BRDA:47,6,1,1
BRDA:52,7,0,6
BRDA:52,7,1,0
BRDA:74,8,0,3
BRDA:92,9,0,2
BRDA:103,10,0,1
BRDA:103,11,0,8
BRDA:103,11,1,1
BRDA:110,12,0,1
BRDA:131,13,0,1
BRDA:131,13,1,6
BRDA:132,14,0,1
BRDA:145,15,0,1
BRDA:149,16,0,0
BRDA:149,17,0,7
BRDA:149,17,1,1
BRF:25
BRH:22
end_of_record
TN:
SF:src\modules\strategy-engine.ts
FN:6,(anonymous_0)
FN:11,(anonymous_1)
FN:32,(anonymous_2)
FN:83,(anonymous_3)
FN:100,(anonymous_4)
FN:107,(anonymous_5)
FNF:6
FNH:6
FNDA:7,(anonymous_0)
FNDA:2,(anonymous_1)
FNDA:5,(anonymous_2)
FNDA:2,(anonymous_3)
FNDA:6,(anonymous_4)
FNDA:2,(anonymous_5)
DA:5,1
DA:7,7
DA:8,7
DA:16,2
DA:17,2
DA:19,2
DA:20,2
DA:21,2
DA:22,2
DA:25,0
DA:37,5
DA:38,5
DA:39,5
DA:40,5
DA:42,5
DA:43,1
DA:44,1
DA:46,5
DA:47,0
DA:49,5
DA:50,1
DA:52,5
DA:53,0
DA:54,0
DA:56,5
DA:57,1
DA:58,1
DA:60,5
DA:61,0
DA:62,0
DA:64,5
DA:65,2
DA:66,2
DA:70,5
DA:72,5
DA:84,2
DA:85,2
DA:86,2
DA:87,2
DA:89,2
DA:101,6
DA:102,4
DA:103,3
DA:104,2
DA:108,2
DA:109,2
LF:46
LH:40
BRDA:42,0,0,1
BRDA:46,1,0,0
BRDA:49,2,0,1
BRDA:52,3,0,0
BRDA:56,4,0,1
BRDA:60,5,0,0
BRDA:64,6,0,2
BRDA:70,7,0,1
BRDA:70,7,1,4
BRDA:70,8,0,2
BRDA:70,8,1,2
BRDA:76,9,0,1
BRDA:76,9,1,4
BRDA:90,10,0,1
BRDA:90,10,1,1
BRDA:91,11,0,1
BRDA:91,11,1,1
BRDA:92,12,0,1
BRDA:92,12,1,1
BRDA:93,13,0,1
BRDA:93,13,1,1
BRDA:94,14,0,1
BRDA:94,14,1,1
BRDA:95,15,0,1
BRDA:95,15,1,1
BRDA:95,16,0,2
BRDA:95,16,1,2
BRDA:95,17,0,1
BRDA:95,17,1,1
BRDA:96,18,0,2
BRDA:96,18,1,1
BRDA:101,19,0,2
BRDA:102,20,0,1
BRDA:103,21,0,1
BRDA:103,22,0,3
BRDA:103,22,1,1
BRDA:109,23,0,1
BRDA:109,23,1,1
BRF:38
BRH:35
end_of_record
TN:
SF:src\services\ollama-service.ts
FN:34,(anonymous_1)
FN:51,(anonymous_2)
FN:90,(anonymous_3)
FN:102,(anonymous_4)
FN:107,(anonymous_5)
FN:113,(anonymous_6)
FN:117,(anonymous_7)
FNF:7
FNH:7
FNDA:7,(anonymous_1)
FNDA:3,(anonymous_2)
FNDA:2,(anonymous_3)
FNDA:1,(anonymous_4)
FNDA:2,(anonymous_5)
FNDA:1,(anonymous_6)
FNDA:1,(anonymous_7)
DA:1,1
DA:2,1
DA:27,1
DA:41,7
DA:42,7
DA:43,7
DA:44,7
DA:45,7
DA:52,3
DA:61,3
DA:62,3
DA:68,2
DA:69,1
DA:72,1
DA:74,2
DA:75,2
DA:76,1
DA:78,1
DA:79,0
DA:81,1
DA:83,0
DA:91,2
DA:92,2
DA:93,1
DA:95,1
DA:103,1
DA:107,2
DA:114,1
DA:118,1
LF:29
LH:27
BRDA:35,0,0,0
BRDA:36,1,0,0
BRDA:37,2,0,7
BRDA:38,3,0,7
BRDA:39,4,0,7
BRDA:68,5,0,1
BRDA:74,6,0,2
BRDA:75,7,0,1
BRDA:78,8,0,0
BRF:9
BRH:6
end_of_record
