TN:
SF:src\config\ollama-config.ts
FNF:0
FNH:0
DA:1,2
DA:2,2
DA:4,2
DA:12,2
LF:4
LH:4
BRDA:5,0,0,2
BRDA:5,0,1,2
BRDA:6,1,0,2
BRDA:6,1,1,2
BRDA:7,2,0,2
BRDA:7,2,1,2
BRDA:8,3,0,2
BRDA:8,3,1,2
BRDA:9,4,0,2
BRDA:9,4,1,2
BRDA:18,5,0,2
BRDA:18,5,1,2
BRF:12
BRH:12
end_of_record
TN:
SF:src\config\prompts.ts
FNF:0
FNH:0
DA:3,5
DA:211,5
DA:240,5
LF:3
LH:3
BRF:0
BRH:0
end_of_record
TN:
SF:src\modules\ai-tutor.ts
FN:15,(anonymous_0)
FN:28,(anonymous_1)
FN:76,(anonymous_2)
FN:91,(anonymous_3)
FN:106,(anonymous_4)
FN:121,(anonymous_5)
FN:133,createAITutor
FNF:7
FNH:7
FNDA:6,(anonymous_0)
FNDA:2,(anonymous_1)
FNDA:1,(anonymous_2)
FNDA:1,(anonymous_3)
FNDA:1,(anonymous_4)
FNDA:1,(anonymous_5)
FNDA:6,createAITutor
DA:1,1
DA:2,1
DA:3,1
DA:4,1
DA:5,1
DA:6,1
DA:7,1
DA:14,1
DA:16,6
DA:17,6
DA:18,6
DA:19,6
DA:20,6
DA:21,6
DA:22,6
DA:34,2
DA:35,1
DA:39,1
DA:45,1
DA:48,1
DA:51,1
DA:58,1
DA:65,1
DA:83,1
DA:98,1
DA:113,1
DA:126,1
DA:133,1
DA:134,6
DA:135,6
DA:136,6
DA:137,6
DA:138,6
DA:139,6
DA:140,6
DA:142,6
LF:36
LH:36
BRDA:34,0,0,1
BRDA:34,1,0,2
BRDA:34,1,1,1
BRDA:134,2,0,6
BRDA:134,2,1,0
BRF:5
BRH:4
end_of_record
TN:
SF:src\modules\context-builder.ts
FN:21,(anonymous_0)
FN:48,(anonymous_1)
FN:54,(anonymous_2)
FNF:3
FNH:0
FNDA:0,(anonymous_0)
FNDA:0,(anonymous_1)
FNDA:0,(anonymous_2)
DA:7,1
DA:11,1
DA:16,1
DA:25,0
DA:28,0
DA:30,0
DA:50,0
DA:55,0
LF:8
LH:3
BRDA:37,0,0,0
BRDA:37,0,1,0
BRDA:38,1,0,0
BRDA:38,1,1,0
BRDA:39,2,0,0
BRDA:39,2,1,0
BRF:6
BRH:0
end_of_record
TN:
SF:src\modules\exercise-generator.ts
FN:8,(anonymous_0)
FN:13,(anonymous_1)
FN:34,(anonymous_2)
FN:66,(anonymous_3)
FN:72,(anonymous_4)
FN:87,(anonymous_5)
FN:92,(anonymous_6)
FNF:7
FNH:7
FNDA:10,(anonymous_0)
FNDA:5,(anonymous_1)
FNDA:5,(anonymous_2)
FNDA:5,(anonymous_3)
FNDA:4,(anonymous_4)
FNDA:2,(anonymous_5)
FNDA:5,(anonymous_6)
DA:7,2
DA:9,10
DA:10,10
DA:20,5
DA:24,5
DA:25,5
DA:27,5
DA:28,1
DA:31,4
DA:35,5
DA:36,5
DA:37,5
DA:39,5
DA:52,0
DA:67,5
DA:68,4
DA:69,4
DA:73,4
DA:76,1
DA:84,1
DA:87,2
DA:89,1
DA:94,5
DA:95,5
LF:24
LH:23
BRDA:27,0,0,1
BRDA:40,1,0,5
BRDA:40,1,1,1
BRDA:41,2,0,5
BRDA:41,2,1,1
BRDA:42,3,0,5
BRDA:42,3,1,1
BRDA:43,4,0,5
BRDA:43,4,1,1
BRDA:44,5,0,5
BRDA:44,5,1,1
BRDA:45,6,0,4
BRDA:45,6,1,1
BRDA:46,7,0,5
BRDA:46,7,1,2
BRDA:47,8,0,3
BRDA:47,8,1,2
BRDA:48,9,0,5
BRDA:48,9,1,2
BRDA:48,9,2,2
BRDA:67,10,0,1
BRDA:67,11,0,5
BRDA:67,11,1,4
BRDA:68,12,0,0
BRDA:73,13,0,3
BRDA:95,14,0,4
BRDA:95,14,1,1
BRF:27
BRH:26
end_of_record
TN:
SF:src\modules\explanation-engine.ts
FN:9,(anonymous_0)
FN:14,(anonymous_1)
FN:45,(anonymous_2)
FN:57,(anonymous_3)
FN:83,(anonymous_4)
FN:92,(anonymous_5)
FN:100,(anonymous_6)
FNF:7
FNH:3
FNDA:6,(anonymous_0)
FNDA:1,(anonymous_1)
FNDA:0,(anonymous_2)
FNDA:0,(anonymous_3)
FNDA:0,(anonymous_4)
FNDA:1,(anonymous_5)
FNDA:0,(anonymous_6)
DA:8,1
DA:10,6
DA:11,6
DA:21,1
DA:25,1
DA:26,1
DA:28,1
DA:34,1
DA:35,0
DA:42,1
DA:50,0
DA:57,0
DA:74,0
DA:75,0
DA:76,0
DA:77,0
DA:83,0
DA:94,1
DA:95,0
DA:97,1
DA:102,0
DA:103,0
LF:22
LH:11
BRDA:30,0,0,0
BRDA:30,0,1,1
BRDA:30,1,0,1
BRDA:30,1,1,0
BRDA:34,2,0,0
BRDA:34,3,0,1
BRDA:34,3,1,0
BRDA:77,4,0,0
BRDA:87,5,0,0
BRDA:87,5,1,0
BRDA:94,6,0,0
BRDA:94,7,0,1
BRDA:94,7,1,0
BRDA:103,8,0,0
BRDA:103,8,1,0
BRF:15
BRH:4
end_of_record
TN:
SF:src\modules\hint-generator.ts
FN:6,(anonymous_0)
FN:11,(anonymous_1)
FN:34,(anonymous_2)
FN:42,(anonymous_3)
FN:47,(anonymous_4)
FNF:5
FNH:5
FNDA:11,(anonymous_0)
FNDA:6,(anonymous_1)
FNDA:6,(anonymous_2)
FNDA:6,(anonymous_3)
FNDA:6,(anonymous_4)
DA:5,2
DA:7,11
DA:8,11
DA:18,6
DA:22,6
DA:23,6
DA:24,6
DA:26,6
DA:36,6
DA:37,1
DA:39,5
DA:44,6
DA:48,6
DA:53,6
LF:14
LH:14
BRDA:36,0,0,1
BRDA:36,1,0,6
BRDA:36,1,1,1
BRDA:44,2,0,6
BRDA:44,2,1,1
BRF:5
BRH:5
end_of_record
TN:
SF:src\modules\prompt-builder.ts
FN:6,getMasteryTemplate
FN:12,getErrorPrompt
FN:27,(anonymous_2)
FN:46,(anonymous_3)
FN:61,(anonymous_4)
FN:88,(anonymous_5)
FN:111,(anonymous_6)
FN:122,(anonymous_7)
FN:151,(anonymous_8)
FN:164,(anonymous_9)
FNF:10
FNH:9
FNDA:11,getMasteryTemplate
FNDA:4,getErrorPrompt
FNDA:7,(anonymous_2)
FNDA:2,(anonymous_3)
FNDA:4,(anonymous_4)
FNDA:9,(anonymous_5)
FNDA:1,(anonymous_6)
FNDA:8,(anonymous_7)
FNDA:0,(anonymous_8)
FNDA:4,(anonymous_9)
DA:4,5
DA:7,11
DA:8,10
DA:9,1
DA:13,4
DA:20,4
DA:23,5
DA:28,7
DA:30,7
DA:31,7
DA:33,7
DA:34,7
DA:35,7
DA:36,7
DA:37,7
DA:39,7
DA:40,7
DA:41,7
DA:44,7
DA:45,1
DA:46,1
DA:47,2
DA:49,1
DA:52,7
DA:53,7
DA:55,7
DA:68,4
DA:69,4
DA:70,4
DA:72,4
DA:73,4
DA:74,4
DA:75,3
DA:77,4
DA:78,4
DA:79,4
DA:80,4
DA:82,4
DA:94,9
DA:96,9
DA:101,9
DA:103,9
DA:104,1
DA:107,9
DA:108,9
DA:110,9
DA:111,1
DA:114,9
DA:116,9
DA:130,8
DA:131,8
DA:132,7
DA:134,8
DA:136,8
DA:137,8
DA:139,8
DA:140,8
DA:141,8
DA:142,8
DA:143,8
DA:145,8
DA:146,1
DA:149,8
DA:150,0
DA:151,0
DA:152,0
DA:156,8
DA:158,8
DA:169,4
DA:171,4
DA:172,4
DA:173,4
DA:174,4
DA:175,4
DA:176,4
DA:177,4
DA:178,4
DA:179,4
DA:181,4
LF:79
LH:76
BRDA:7,0,0,1
BRDA:8,1,0,9
BRDA:20,2,0,4
BRDA:20,2,1,0
BRDA:36,3,0,7
BRDA:36,3,1,7
BRDA:39,4,0,7
BRDA:44,5,0,1
BRDA:47,6,0,1
BRDA:47,6,1,1
BRDA:52,7,0,7
BRDA:52,7,1,0
BRDA:74,8,0,3
BRDA:92,9,0,2
BRDA:103,10,0,1
BRDA:103,11,0,9
BRDA:103,11,1,1
BRDA:110,12,0,1
BRDA:131,13,0,1
BRDA:131,13,1,7
BRDA:132,14,0,1
BRDA:145,15,0,1
BRDA:149,16,0,0
BRDA:149,17,0,8
BRDA:149,17,1,1
BRF:25
BRH:22
end_of_record
TN:
SF:src\modules\strategy-engine.ts
FN:6,(anonymous_0)
FN:11,(anonymous_1)
FN:32,(anonymous_2)
FN:83,(anonymous_3)
FN:100,(anonymous_4)
FN:107,(anonymous_5)
FNF:6
FNH:6
FNDA:13,(anonymous_0)
FNDA:3,(anonymous_1)
FNDA:5,(anonymous_2)
FNDA:3,(anonymous_3)
FNDA:6,(anonymous_4)
FNDA:3,(anonymous_5)
DA:5,2
DA:7,13
DA:8,13
DA:16,3
DA:17,3
DA:19,3
DA:20,3
DA:21,3
DA:22,3
DA:25,0
DA:37,5
DA:38,5
DA:39,5
DA:40,5
DA:42,5
DA:43,1
DA:44,1
DA:46,5
DA:47,0
DA:49,5
DA:50,1
DA:52,5
DA:53,0
DA:54,0
DA:56,5
DA:57,1
DA:58,1
DA:60,5
DA:61,0
DA:62,0
DA:64,5
DA:65,2
DA:66,2
DA:70,5
DA:72,5
DA:84,3
DA:85,3
DA:86,3
DA:87,3
DA:89,3
DA:101,6
DA:102,4
DA:103,3
DA:104,2
DA:108,3
DA:109,3
LF:46
LH:40
BRDA:42,0,0,1
BRDA:46,1,0,0
BRDA:49,2,0,1
BRDA:52,3,0,0
BRDA:56,4,0,1
BRDA:60,5,0,0
BRDA:64,6,0,2
BRDA:70,7,0,1
BRDA:70,7,1,4
BRDA:70,8,0,2
BRDA:70,8,1,2
BRDA:76,9,0,1
BRDA:76,9,1,4
BRDA:90,10,0,2
BRDA:90,10,1,1
BRDA:91,11,0,2
BRDA:91,11,1,1
BRDA:92,12,0,2
BRDA:92,12,1,1
BRDA:93,13,0,2
BRDA:93,13,1,1
BRDA:94,14,0,2
BRDA:94,14,1,1
BRDA:95,15,0,2
BRDA:95,15,1,1
BRDA:95,16,0,3
BRDA:95,16,1,2
BRDA:95,17,0,2
BRDA:95,17,1,1
BRDA:96,18,0,3
BRDA:96,18,1,1
BRDA:101,19,0,2
BRDA:102,20,0,1
BRDA:103,21,0,1
BRDA:103,22,0,3
BRDA:103,22,1,1
BRDA:109,23,0,2
BRDA:109,23,1,1
BRF:38
BRH:35
end_of_record
TN:
SF:src\services\ollama-service.ts
FN:34,(anonymous_1)
FN:51,(anonymous_2)
FN:90,(anonymous_3)
FN:102,(anonymous_4)
FN:107,(anonymous_5)
FN:113,(anonymous_6)
FN:117,(anonymous_7)
FNF:7
FNH:7
FNDA:7,(anonymous_1)
FNDA:3,(anonymous_2)
FNDA:2,(anonymous_3)
FNDA:1,(anonymous_4)
FNDA:2,(anonymous_5)
FNDA:1,(anonymous_6)
FNDA:1,(anonymous_7)
DA:1,2
DA:2,2
DA:27,2
DA:41,7
DA:42,7
DA:43,7
DA:44,7
DA:45,7
DA:52,3
DA:61,3
DA:62,3
DA:68,2
DA:69,1
DA:72,1
DA:74,2
DA:75,2
DA:76,1
DA:78,1
DA:79,0
DA:81,1
DA:83,0
DA:91,2
DA:92,2
DA:93,1
DA:95,1
DA:103,1
DA:107,2
DA:114,1
DA:118,1
LF:29
LH:27
BRDA:35,0,0,0
BRDA:36,1,0,0
BRDA:37,2,0,7
BRDA:38,3,0,7
BRDA:39,4,0,7
BRDA:68,5,0,1
BRDA:74,6,0,2
BRDA:75,7,0,1
BRDA:78,8,0,0
BRF:9
BRH:6
end_of_record
